{"total": {"lines":{"total":1861,"covered":730,"skipped":0,"pct":39.22},"statements":{"total":1929,"covered":749,"skipped":0,"pct":38.82},"functions":{"total":268,"covered":105,"skipped":0,"pct":39.17},"branches":{"total":1572,"covered":453,"skipped":0,"pct":28.81},"branchesTrue":{"total":0,"covered":0,"skipped":0,"pct":"Unknown"}}
,"C:\\Users\\isaac\\Documents\\GitHub\\SoroTask\\keeper\\src\\concurrency.js": {"lines":{"total":63,"covered":45,"skipped":0,"pct":71.42},"functions":{"total":9,"covered":7,"skipped":0,"pct":77.77},"statements":{"total":64,"covered":45,"skipped":0,"pct":70.31},"branches":{"total":33,"covered":16,"skipped":0,"pct":48.48}}
,"C:\\Users\\isaac\\Documents\\GitHub\\SoroTask\\keeper\\src\\fraudDetection.js": {"lines":{"total":263,"covered":0,"skipped":0,"pct":0},"functions":{"total":45,"covered":0,"skipped":0,"pct":0},"statements":{"total":277,"covered":0,"skipped":0,"pct":0},"branches":{"total":237,"covered":0,"skipped":0,"pct":0}}
,"C:\\Users\\isaac\\Documents\\GitHub\\SoroTask\\keeper\\src\\logger.js": {"lines":{"total":46,"covered":25,"skipped":0,"pct":54.34},"functions":{"total":28,"covered":12,"skipped":0,"pct":42.85},"statements":{"total":46,"covered":25,"skipped":0,"pct":54.34},"branches":{"total":26,"covered":9,"skipped":0,"pct":34.61}}
,"C:\\Users\\isaac\\Documents\\GitHub\\SoroTask\\keeper\\src\\poller.js": {"lines":{"total":381,"covered":235,"skipped":0,"pct":61.67},"functions":{"total":33,"covered":20,"skipped":0,"pct":60.6},"statements":{"total":383,"covered":237,"skipped":0,"pct":61.87},"branches":{"total":355,"covered":164,"skipped":0,"pct":46.19}}
,"C:\\Users\\isaac\\Documents\\GitHub\\SoroTask\\keeper\\src\\queue.js": {"lines":{"total":424,"covered":312,"skipped":0,"pct":73.58},"functions":{"total":60,"covered":49,"skipped":0,"pct":81.66},"statements":{"total":447,"covered":324,"skipped":0,"pct":72.48},"branches":{"total":319,"covered":204,"skipped":0,"pct":63.94}}
,"C:\\Users\\isaac\\Documents\\GitHub\\SoroTask\\keeper\\src\\reconciliation.js": {"lines":{"total":308,"covered":0,"skipped":0,"pct":0},"functions":{"total":37,"covered":0,"skipped":0,"pct":0},"statements":{"total":312,"covered":0,"skipped":0,"pct":0},"branches":{"total":273,"covered":0,"skipped":0,"pct":0}}
,"C:\\Users\\isaac\\Documents\\GitHub\\SoroTask\\keeper\\src\\registry.js": {"lines":{"total":149,"covered":75,"skipped":0,"pct":50.33},"functions":{"total":23,"covered":11,"skipped":0,"pct":47.82},"statements":{"total":162,"covered":79,"skipped":0,"pct":48.76},"branches":{"total":148,"covered":39,"skipped":0,"pct":26.35}}
,"C:\\Users\\isaac\\Documents\\GitHub\\SoroTask\\keeper\\src\\retry.js": {"lines":{"total":72,"covered":7,"skipped":0,"pct":9.72},"functions":{"total":13,"covered":0,"skipped":0,"pct":0},"statements":{"total":76,"covered":7,"skipped":0,"pct":9.21},"branches":{"total":78,"covered":6,"skipped":0,"pct":7.69}}
,"C:\\Users\\isaac\\Documents\\GitHub\\SoroTask\\keeper\\src\\sloMetrics.js": {"lines":{"total":94,"covered":0,"skipped":0,"pct":0},"functions":{"total":11,"covered":0,"skipped":0,"pct":0},"statements":{"total":97,"covered":0,"skipped":0,"pct":0},"branches":{"total":71,"covered":0,"skipped":0,"pct":0}}
,"C:\\Users\\isaac\\Documents\\GitHub\\SoroTask\\keeper\\src\\taskSnapshot.js": {"lines":{"total":61,"covered":31,"skipped":0,"pct":50.81},"functions":{"total":9,"covered":6,"skipped":0,"pct":66.66},"statements":{"total":65,"covered":32,"skipped":0,"pct":49.23},"branches":{"total":32,"covered":15,"skipped":0,"pct":46.87}}
}
