TN:
SF:src/concurrency.js
FN:14,createRateLimiter
FN:32,(anonymous_1)
FN:54,(anonymous_2)
FN:109,(anonymous_3)
FN:115,(anonymous_4)
FN:116,(anonymous_5)
FN:121,(anonymous_6)
FN:128,(anonymous_7)
FN:140,createConcurrencyLimit
FNF:9
FNH:0
FNDA:0,createRateLimiter
FNDA:0,(anonymous_1)
FNDA:0,(anonymous_2)
FNDA:0,(anonymous_3)
FNDA:0,(anonymous_4)
FNDA:0,(anonymous_5)
FNDA:0,(anonymous_6)
FNDA:0,(anonymous_7)
FNDA:0,createConcurrencyLimit
DA:22,0
DA:24,0
DA:25,0
DA:26,0
DA:27,0
DA:29,0
DA:30,0
DA:32,0
DA:33,0
DA:34,0
DA:35,0
DA:38,0
DA:39,0
DA:41,0
DA:42,0
DA:43,0
DA:44,0
DA:45,0
DA:47,0
DA:51,0
DA:54,0
DA:55,0
DA:56,0
DA:59,0
DA:60,0
DA:63,0
DA:64,0
DA:65,0
DA:66,0
DA:69,0
DA:70,0
DA:71,0
DA:72,0
DA:73,0
DA:81,0
DA:82,0
DA:85,0
DA:86,0
DA:87,0
DA:88,0
DA:92,0
DA:93,0
DA:94,0
DA:95,0
DA:99,0
DA:100,0
DA:102,0
DA:103,0
DA:106,0
DA:110,0
DA:111,0
DA:115,0
DA:116,0
DA:117,0
DA:118,0
DA:121,0
DA:122,0
DA:123,0
DA:124,0
DA:128,0
DA:134,0
DA:141,0
DA:144,0
LF:63
LH:0
BRDA:14,0,0,0
BRDA:16,1,0,0
BRDA:17,2,0,0
BRDA:19,3,0,0
BRDA:33,4,0,0
BRDA:33,4,1,0
BRDA:33,5,0,0
BRDA:33,5,1,0
BRDA:44,6,0,0
BRDA:44,6,1,0
BRDA:55,7,0,0
BRDA:55,7,1,0
BRDA:59,8,0,0
BRDA:59,8,1,0
BRDA:63,9,0,0
BRDA:63,9,1,0
BRDA:65,10,0,0
BRDA:65,10,1,0
BRDA:69,11,0,0
BRDA:69,11,1,0
BRDA:70,12,0,0
BRDA:70,12,1,0
BRDA:72,13,0,0
BRDA:72,13,1,0
BRDA:81,14,0,0
BRDA:81,14,1,0
BRDA:92,15,0,0
BRDA:92,15,1,0
BRDA:94,16,0,0
BRDA:94,16,1,0
BRDA:102,17,0,0
BRDA:102,17,1,0
BRDA:115,18,0,0
BRF:33
BRH:0
end_of_record
TN:
SF:src/fraudDetection.js
FN:21,parseInteger
FN:26,clampNonNegative
FN:30,median
FN:35,(anonymous_3)
FN:42,safeString
FN:50,(anonymous_5)
FN:56,(anonymous_6)
FN:129,(anonymous_7)
FN:138,(anonymous_8)
FN:146,(anonymous_9)
FN:154,(anonymous_10)
FN:184,(anonymous_11)
FN:197,(anonymous_12)
FN:255,(anonymous_13)
FN:259,(anonymous_14)
FN:280,(anonymous_15)
FN:304,(anonymous_16)
FN:331,(anonymous_17)
FN:352,(anonymous_18)
FN:364,(anonymous_19)
FN:370,(anonymous_20)
FN:373,(anonymous_21)
FN:376,(anonymous_22)
FN:377,(anonymous_23)
FN:378,(anonymous_24)
FN:379,(anonymous_25)
FN:379,(anonymous_26)
FN:380,(anonymous_27)
FN:380,(anonymous_28)
FN:381,(anonymous_29)
FN:381,(anonymous_30)
FN:384,(anonymous_31)
FN:388,(anonymous_32)
FN:389,(anonymous_33)
FN:393,(anonymous_34)
FN:394,(anonymous_35)
FN:411,(anonymous_36)
FN:420,(anonymous_37)
FN:421,(anonymous_38)
FN:470,(anonymous_39)
FN:497,(anonymous_40)
FN:556,(anonymous_41)
FN:581,(anonymous_42)
FN:626,(anonymous_43)
FN:663,(anonymous_44)
FNF:45
FNH:0
FNDA:0,parseInteger
FNDA:0,clampNonNegative
FNDA:0,median
FNDA:0,(anonymous_3)
FNDA:0,safeString
FNDA:0,(anonymous_5)
FNDA:0,(anonymous_6)
FNDA:0,(anonymous_7)
FNDA:0,(anonymous_8)
FNDA:0,(anonymous_9)
FNDA:0,(anonymous_10)
FNDA:0,(anonymous_11)
FNDA:0,(anonymous_12)
FNDA:0,(anonymous_13)
FNDA:0,(anonymous_14)
FNDA:0,(anonymous_15)
FNDA:0,(anonymous_16)
FNDA:0,(anonymous_17)
FNDA:0,(anonymous_18)
FNDA:0,(anonymous_19)
FNDA:0,(anonymous_20)
FNDA:0,(anonymous_21)
FNDA:0,(anonymous_22)
FNDA:0,(anonymous_23)
FNDA:0,(anonymous_24)
FNDA:0,(anonymous_25)
FNDA:0,(anonymous_26)
FNDA:0,(anonymous_27)
FNDA:0,(anonymous_28)
FNDA:0,(anonymous_29)
FNDA:0,(anonymous_30)
FNDA:0,(anonymous_31)
FNDA:0,(anonymous_32)
FNDA:0,(anonymous_33)
FNDA:0,(anonymous_34)
FNDA:0,(anonymous_35)
FNDA:0,(anonymous_36)
FNDA:0,(anonymous_37)
FNDA:0,(anonymous_38)
FNDA:0,(anonymous_39)
FNDA:0,(anonymous_40)
FNDA:0,(anonymous_41)
FNDA:0,(anonymous_42)
FNDA:0,(anonymous_43)
FNDA:0,(anonymous_44)
DA:1,0
DA:2,0
DA:4,0
DA:5,0
DA:6,0
DA:7,0
DA:8,0
DA:9,0
DA:10,0
DA:11,0
DA:12,0
DA:13,0
DA:14,0
DA:15,0
DA:16,0
DA:17,0
DA:18,0
DA:19,0
DA:22,0
DA:23,0
DA:27,0
DA:31,0
DA:32,0
DA:35,0
DA:36,0
DA:37,0
DA:43,0
DA:44,0
DA:46,0
DA:51,0
DA:53,0
DA:54,0
DA:55,0
DA:56,0
DA:58,0
DA:60,0
DA:63,0
DA:66,0
DA:69,0
DA:72,0
DA:75,0
DA:78,0
DA:81,0
DA:84,0
DA:87,0
DA:90,0
DA:93,0
DA:96,0
DA:99,0
DA:102,0
DA:105,0
DA:109,0
DA:110,0
DA:111,0
DA:112,0
DA:113,0
DA:114,0
DA:116,0
DA:130,0
DA:131,0
DA:132,0
DA:134,0
DA:139,0
DA:147,0
DA:155,0
DA:156,0
DA:158,0
DA:185,0
DA:186,0
DA:189,0
DA:190,0
DA:191,0
DA:193,0
DA:198,0
DA:199,0
DA:202,0
DA:203,0
DA:204,0
DA:205,0
DA:207,0
DA:208,0
DA:209,0
DA:211,0
DA:215,0
DA:217,0
DA:218,0
DA:221,0
DA:222,0
DA:223,0
DA:225,0
DA:231,0
DA:232,0
DA:233,0
DA:234,0
DA:236,0
DA:237,0
DA:238,0
DA:240,0
DA:244,0
DA:256,0
DA:260,0
DA:261,0
DA:262,0
DA:263,0
DA:264,0
DA:265,0
DA:268,0
DA:269,0
DA:271,0
DA:272,0
DA:273,0
DA:274,0
DA:275,0
DA:278,0
DA:279,0
DA:280,0
DA:281,0
DA:288,0
DA:290,0
DA:294,0
DA:305,0
DA:306,0
DA:309,0
DA:310,0
DA:314,0
DA:332,0
DA:333,0
DA:343,0
DA:344,0
DA:345,0
DA:349,0
DA:353,0
DA:354,0
DA:355,0
DA:356,0
DA:358,0
DA:359,0
DA:365,0
DA:366,0
DA:367,0
DA:369,0
DA:370,0
DA:372,0
DA:373,0
DA:376,0
DA:377,0
DA:378,0
DA:379,0
DA:380,0
DA:381,0
DA:382,0
DA:383,0
DA:384,0
DA:387,0
DA:388,0
DA:389,0
DA:391,0
DA:393,0
DA:394,0
DA:397,0
DA:398,0
DA:399,0
DA:401,0
DA:402,0
DA:403,0
DA:406,0
DA:407,0
DA:408,0
DA:411,0
DA:412,0
DA:416,0
DA:417,0
DA:420,0
DA:421,0
DA:422,0
DA:426,0
DA:427,0
DA:430,0
DA:434,0
DA:435,0
DA:438,0
DA:439,0
DA:440,0
DA:441,0
DA:442,0
DA:446,0
DA:447,0
DA:450,0
DA:451,0
DA:454,0
DA:471,0
DA:477,0
DA:498,0
DA:499,0
DA:500,0
DA:501,0
DA:502,0
DA:503,0
DA:505,0
DA:510,0
DA:513,0
DA:514,0
DA:515,0
DA:520,0
DA:526,0
DA:527,0
DA:531,0
DA:532,0
DA:534,0
DA:535,0
DA:536,0
DA:538,0
DA:539,0
DA:551,0
DA:552,0
DA:553,0
DA:557,0
DA:563,0
DA:564,0
DA:569,0
DA:570,0
DA:571,0
DA:573,0
DA:574,0
DA:577,0
DA:580,0
DA:581,0
DA:584,0
DA:585,0
DA:595,0
DA:596,0
DA:599,0
DA:600,0
DA:601,0
DA:603,0
DA:604,0
DA:605,0
DA:606,0
DA:611,0
DA:612,0
DA:614,0
DA:618,0
DA:620,0
DA:621,0
DA:627,0
DA:635,0
DA:636,0
DA:637,0
DA:640,0
DA:641,0
DA:642,0
DA:645,0
DA:650,0
DA:651,0
DA:659,0
DA:660,0
DA:664,0
DA:665,0
DA:668,0
DA:669,0
DA:676,0
DA:677,0
DA:682,0
LF:263
LH:0
BRDA:23,0,0,0
BRDA:23,0,1,0
BRDA:26,1,0,0
BRDA:27,2,0,0
BRDA:27,2,1,0
BRDA:27,3,0,0
BRDA:27,3,1,0
BRDA:31,4,0,0
BRDA:31,4,1,0
BRDA:37,5,0,0
BRDA:37,5,1,0
BRDA:43,6,0,0
BRDA:43,6,1,0
BRDA:43,7,0,0
BRDA:43,7,1,0
BRDA:50,8,0,0
BRDA:53,9,0,0
BRDA:53,9,1,0
BRDA:54,10,0,0
BRDA:54,10,1,0
BRDA:55,11,0,0
BRDA:55,11,1,0
BRDA:56,12,0,0
BRDA:56,12,1,0
BRDA:59,13,0,0
BRDA:59,13,1,0
BRDA:59,13,2,0
BRDA:61,14,0,0
BRDA:61,14,1,0
BRDA:64,15,0,0
BRDA:64,15,1,0
BRDA:67,16,0,0
BRDA:67,16,1,0
BRDA:70,17,0,0
BRDA:70,17,1,0
BRDA:73,18,0,0
BRDA:73,18,1,0
BRDA:74,19,0,0
BRDA:74,19,1,0
BRDA:76,20,0,0
BRDA:76,20,1,0
BRDA:79,21,0,0
BRDA:79,21,1,0
BRDA:80,22,0,0
BRDA:80,22,1,0
BRDA:82,23,0,0
BRDA:82,23,1,0
BRDA:85,24,0,0
BRDA:85,24,1,0
BRDA:88,25,0,0
BRDA:88,25,1,0
BRDA:91,26,0,0
BRDA:91,26,1,0
BRDA:94,27,0,0
BRDA:94,27,1,0
BRDA:97,28,0,0
BRDA:97,28,1,0
BRDA:100,29,0,0
BRDA:100,29,1,0
BRDA:103,30,0,0
BRDA:103,30,1,0
BRDA:106,31,0,0
BRDA:106,31,1,0
BRDA:131,32,0,0
BRDA:131,32,1,0
BRDA:132,33,0,0
BRDA:132,33,1,0
BRDA:138,34,0,0
BRDA:141,35,0,0
BRDA:141,35,1,0
BRDA:142,36,0,0
BRDA:142,36,1,0
BRDA:146,37,0,0
BRDA:149,38,0,0
BRDA:149,38,1,0
BRDA:150,39,0,0
BRDA:150,39,1,0
BRDA:185,40,0,0
BRDA:185,40,1,0
BRDA:198,41,0,0
BRDA:198,41,1,0
BRDA:208,42,0,0
BRDA:208,42,1,0
BRDA:208,43,0,0
BRDA:208,43,1,0
BRDA:217,44,0,0
BRDA:217,44,1,0
BRDA:232,45,0,0
BRDA:232,45,1,0
BRDA:237,46,0,0
BRDA:237,46,1,0
BRDA:237,47,0,0
BRDA:237,47,1,0
BRDA:242,48,0,0
BRDA:242,48,1,0
BRDA:247,49,0,0
BRDA:247,49,1,0
BRDA:264,50,0,0
BRDA:264,50,1,0
BRDA:264,51,0,0
BRDA:264,51,1,0
BRDA:271,52,0,0
BRDA:271,52,1,0
BRDA:279,53,0,0
BRDA:279,53,1,0
BRDA:279,54,0,0
BRDA:279,54,1,0
BRDA:306,55,0,0
BRDA:306,55,1,0
BRDA:306,56,0,0
BRDA:306,56,1,0
BRDA:309,57,0,0
BRDA:309,57,1,0
BRDA:310,58,0,0
BRDA:310,58,1,0
BRDA:316,59,0,0
BRDA:316,59,1,0
BRDA:317,60,0,0
BRDA:317,60,1,0
BRDA:325,61,0,0
BRDA:325,61,1,0
BRDA:325,62,0,0
BRDA:325,62,1,0
BRDA:344,63,0,0
BRDA:344,63,1,0
BRDA:344,64,0,0
BRDA:344,64,1,0
BRDA:358,65,0,0
BRDA:358,65,1,0
BRDA:378,66,0,0
BRDA:378,66,1,0
BRDA:384,67,0,0
BRDA:384,67,1,0
BRDA:401,68,0,0
BRDA:401,68,1,0
BRDA:406,69,0,0
BRDA:406,69,1,0
BRDA:412,70,0,0
BRDA:412,70,1,0
BRDA:413,71,0,0
BRDA:413,71,1,0
BRDA:422,72,0,0
BRDA:422,72,1,0
BRDA:423,73,0,0
BRDA:423,73,1,0
BRDA:430,74,0,0
BRDA:430,74,1,0
BRDA:431,75,0,0
BRDA:431,75,1,0
BRDA:438,76,0,0
BRDA:438,76,1,0
BRDA:438,77,0,0
BRDA:438,77,1,0
BRDA:440,78,0,0
BRDA:440,78,1,0
BRDA:446,79,0,0
BRDA:446,79,1,0
BRDA:446,80,0,0
BRDA:446,80,1,0
BRDA:447,81,0,0
BRDA:447,81,1,0
BRDA:447,82,0,0
BRDA:447,82,1,0
BRDA:450,83,0,0
BRDA:450,83,1,0
BRDA:457,84,0,0
BRDA:457,84,1,0
BRDA:472,85,0,0
BRDA:472,85,1,0
BRDA:478,86,0,0
BRDA:478,86,1,0
BRDA:485,87,0,0
BRDA:485,87,1,0
BRDA:500,88,0,0
BRDA:500,88,1,0
BRDA:500,89,0,0
BRDA:500,89,1,0
BRDA:502,90,0,0
BRDA:502,90,1,0
BRDA:502,91,0,0
BRDA:502,91,1,0
BRDA:513,92,0,0
BRDA:513,92,1,0
BRDA:535,93,0,0
BRDA:535,93,1,0
BRDA:535,94,0,0
BRDA:535,94,1,0
BRDA:538,95,0,0
BRDA:538,95,1,0
BRDA:538,96,0,0
BRDA:538,96,1,0
BRDA:563,97,0,0
BRDA:563,97,1,0
BRDA:570,98,0,0
BRDA:570,98,1,0
BRDA:570,99,0,0
BRDA:570,99,1,0
BRDA:577,100,0,0
BRDA:577,100,1,0
BRDA:580,101,0,0
BRDA:580,101,1,0
BRDA:592,102,0,0
BRDA:592,102,1,0
BRDA:595,103,0,0
BRDA:595,103,1,0
BRDA:600,104,0,0
BRDA:600,104,1,0
BRDA:600,105,0,0
BRDA:600,105,1,0
BRDA:616,106,0,0
BRDA:616,106,1,0
BRDA:620,107,0,0
BRDA:620,107,1,0
BRDA:626,108,0,0
BRDA:629,109,0,0
BRDA:629,109,1,0
BRDA:630,110,0,0
BRDA:630,110,1,0
BRDA:631,111,0,0
BRDA:631,111,1,0
BRDA:631,111,2,0
BRDA:632,112,0,0
BRDA:632,112,1,0
BRDA:641,113,0,0
BRDA:641,113,1,0
BRDA:641,114,0,0
BRDA:641,114,1,0
BRDA:650,115,0,0
BRDA:650,115,1,0
BRDA:650,116,0,0
BRDA:650,116,1,0
BRDA:664,117,0,0
BRDA:664,117,1,0
BRDA:668,118,0,0
BRDA:668,118,1,0
BRDA:676,119,0,0
BRDA:676,119,1,0
BRF:237
BRH:0
end_of_record
TN:
SF:src/logger.js
FN:34,normalizeLogLevel
FN:38,shouldUsePrettyTransport
FN:48,createBaseLogger
FN:60,(anonymous_3)
FN:67,(anonymous_4)
FN:72,(anonymous_5)
FN:104,getBaseLogger
FN:122,createLogger
FN:130,(anonymous_8)
FN:133,(anonymous_9)
FN:136,(anonymous_10)
FN:139,(anonymous_11)
FN:142,(anonymous_12)
FN:145,(anonymous_13)
FN:151,(anonymous_14)
FN:162,createTracedLogger
FN:164,(anonymous_16)
FN:167,(anonymous_17)
FN:170,(anonymous_18)
FN:173,(anonymous_19)
FN:176,(anonymous_20)
FN:179,(anonymous_21)
FN:183,(anonymous_22)
FN:195,createChildLogger
FN:205,reinitializeLogger
FN:214,getLogLevel
FN:222,setLogLevel
FNF:27
FNH:11
FNDA:1,normalizeLogLevel
FNDA:2,shouldUsePrettyTransport
FNDA:1,createBaseLogger
FNDA:1,(anonymous_3)
FNDA:6,(anonymous_4)
FNDA:134,(anonymous_5)
FNDA:4,getBaseLogger
FNDA:4,createLogger
FNDA:0,(anonymous_8)
FNDA:59,(anonymous_9)
FNDA:131,(anonymous_10)
FNDA:2,(anonymous_11)
FNDA:0,(anonymous_12)
FNDA:0,(anonymous_13)
FNDA:0,(anonymous_14)
FNDA:0,createTracedLogger
FNDA:0,(anonymous_16)
FNDA:0,(anonymous_17)
FNDA:0,(anonymous_18)
FNDA:0,(anonymous_19)
FNDA:0,(anonymous_20)
FNDA:0,(anonymous_21)
FNDA:0,(anonymous_22)
FNDA:0,createChildLogger
FNDA:0,reinitializeLogger
FNDA:0,getLogLevel
FNDA:0,setLogLevel
DA:14,1
DA:20,1
DA:32,1
DA:35,1
DA:39,2
DA:49,1
DA:61,1
DA:68,6
DA:72,134
DA:80,1
DA:81,0
DA:92,1
DA:93,1
DA:94,1
DA:98,1
DA:105,4
DA:106,1
DA:108,4
DA:123,4
DA:126,4
DA:129,4
DA:131,0
DA:134,59
DA:137,131
DA:140,2
DA:143,0
DA:146,0
DA:152,0
DA:153,0
DA:163,0
DA:165,0
DA:168,0
DA:171,0
DA:174,0
DA:177,0
DA:180,0
DA:184,0
DA:185,0
DA:196,0
DA:206,0
DA:207,0
DA:215,0
DA:223,0
DA:227,1
LF:44
LH:24
BRDA:35,0,0,0
BRDA:35,0,1,1
BRDA:48,1,0,1
BRDA:80,2,0,0
BRDA:80,2,1,1
BRDA:81,3,0,0
BRDA:81,3,1,0
BRDA:92,4,0,0
BRDA:92,4,1,1
BRDA:93,5,0,0
BRDA:93,5,1,1
BRDA:105,6,0,1
BRDA:105,6,1,3
BRDA:130,7,0,0
BRDA:133,8,0,0
BRDA:136,9,0,80
BRDA:139,10,0,1
BRDA:142,11,0,0
BRDA:145,12,0,0
BRDA:164,13,0,0
BRDA:167,14,0,0
BRDA:170,15,0,0
BRDA:173,16,0,0
BRDA:176,17,0,0
BRDA:179,18,0,0
BRDA:205,19,0,0
BRF:26
BRH:9
end_of_record
TN:
SF:src/poller.js
FN:10,normalizeLogger
FN:17,(anonymous_1)
FN:21,(anonymous_2)
FN:22,(anonymous_3)
FN:33,(anonymous_4)
FN:85,(anonymous_5)
FN:137,(anonymous_6)
FN:159,(anonymous_7)
FN:260,(anonymous_8)
FN:261,(anonymous_9)
FN:288,(anonymous_10)
FN:334,(anonymous_11)
FN:336,(anonymous_12)
FN:337,(anonymous_13)
FN:376,(anonymous_14)
FN:438,(anonymous_15)
FN:463,(anonymous_16)
FN:642,(anonymous_17)
FN:659,(anonymous_18)
FN:743,(anonymous_19)
FN:798,(anonymous_20)
FN:826,(anonymous_21)
FN:875,(anonymous_22)
FN:906,(anonymous_23)
FN:910,(anonymous_24)
FN:938,(anonymous_25)
FN:960,(anonymous_26)
FN:989,(anonymous_27)
FN:993,(anonymous_28)
FN:1003,(anonymous_29)
FN:1014,(anonymous_30)
FN:1024,(anonymous_31)
FN:1034,(anonymous_32)
FNF:33
FNH:0
FNDA:0,normalizeLogger
FNDA:0,(anonymous_1)
FNDA:0,(anonymous_2)
FNDA:0,(anonymous_3)
FNDA:0,(anonymous_4)
FNDA:0,(anonymous_5)
FNDA:0,(anonymous_6)
FNDA:0,(anonymous_7)
FNDA:0,(anonymous_8)
FNDA:0,(anonymous_9)
FNDA:0,(anonymous_10)
FNDA:0,(anonymous_11)
FNDA:0,(anonymous_12)
FNDA:0,(anonymous_13)
FNDA:0,(anonymous_14)
FNDA:0,(anonymous_15)
FNDA:0,(anonymous_16)
FNDA:0,(anonymous_17)
FNDA:0,(anonymous_18)
FNDA:0,(anonymous_19)
FNDA:0,(anonymous_20)
FNDA:0,(anonymous_21)
FNDA:0,(anonymous_22)
FNDA:0,(anonymous_23)
FNDA:0,(anonymous_24)
FNDA:0,(anonymous_25)
FNDA:0,(anonymous_26)
FNDA:0,(anonymous_27)
FNDA:0,(anonymous_28)
FNDA:0,(anonymous_29)
FNDA:0,(anonymous_30)
FNDA:0,(anonymous_31)
FNDA:0,(anonymous_32)
DA:1,0
DA:2,0
DA:3,0
DA:4,0
DA:5,0
DA:6,0
DA:7,0
DA:8,0
DA:11,0
DA:12,0
DA:14,0
DA:15,0
DA:20,0
DA:21,0
DA:22,0
DA:24,0
DA:34,0
DA:35,0
DA:38,0
DA:41,0
DA:44,0
DA:45,0
DA:46,0
DA:47,0
DA:48,0
DA:49,0
DA:50,0
DA:54,0
DA:60,0
DA:64,0
DA:70,0
DA:74,0
DA:80,0
DA:86,0
DA:87,0
DA:93,0
DA:104,0
DA:116,0
DA:119,0
DA:125,0
DA:131,0
DA:132,0
DA:133,0
DA:134,0
DA:137,0
DA:148,0
DA:160,0
DA:161,0
DA:163,0
DA:164,0
DA:165,0
DA:166,0
DA:167,0
DA:168,0
DA:169,0
DA:170,0
DA:171,0
DA:174,0
DA:175,0
DA:178,0
DA:179,0
DA:181,0
DA:182,0
DA:183,0
DA:193,0
DA:196,0
DA:198,0
DA:199,0
DA:203,0
DA:206,0
DA:207,0
DA:209,0
DA:210,0
DA:211,0
DA:218,0
DA:219,0
DA:220,0
DA:222,0
DA:223,0
DA:235,0
DA:243,0
DA:244,0
DA:245,0
DA:246,0
DA:247,0
DA:253,0
DA:256,0
DA:260,0
DA:261,0
DA:262,0
DA:263,0
DA:264,0
DA:265,0
DA:271,0
DA:272,0
DA:276,0
DA:279,0
DA:280,0
DA:281,0
DA:283,0
DA:284,0
DA:285,0
DA:286,0
DA:288,0
DA:289,0
DA:290,0
DA:292,0
DA:293,0
DA:298,0
DA:299,0
DA:300,0
DA:301,0
DA:303,0
DA:304,0
DA:305,0
DA:306,0
DA:309,0
DA:310,0
DA:313,0
DA:314,0
DA:315,0
DA:316,0
DA:319,0
DA:320,0
DA:321,0
DA:324,0
DA:325,0
DA:326,0
DA:327,0
DA:331,0
DA:333,0
DA:334,0
DA:336,0
DA:337,0
DA:339,0
DA:351,0
DA:353,0
DA:354,0
DA:355,0
DA:356,0
DA:357,0
DA:363,0
DA:374,0
DA:376,0
DA:377,0
DA:378,0
DA:386,0
DA:394,0
DA:396,0
DA:397,0
DA:400,0
DA:401,0
DA:404,0
DA:405,0
DA:412,0
DA:415,0
DA:416,0
DA:417,0
DA:418,0
DA:422,0
DA:423,0
DA:426,0
DA:427,0
DA:434,0
DA:439,0
DA:443,0
DA:444,0
DA:447,0
DA:464,0
DA:465,0
DA:469,0
DA:471,0
DA:474,0
DA:475,0
DA:476,0
DA:479,0
DA:480,0
DA:481,0
DA:485,0
DA:488,0
DA:489,0
DA:493,0
DA:494,0
DA:495,0
DA:496,0
DA:497,0
DA:501,0
DA:502,0
DA:506,0
DA:507,0
DA:508,0
DA:509,0
DA:513,0
DA:514,0
DA:515,0
DA:516,0
DA:517,0
DA:521,0
DA:522,0
DA:523,0
DA:524,0
DA:527,0
DA:528,0
DA:529,0
DA:531,0
DA:532,0
DA:533,0
DA:535,0
DA:538,0
DA:540,0
DA:541,0
DA:542,0
DA:544,0
DA:545,0
DA:555,0
DA:567,0
DA:568,0
DA:569,0
DA:580,0
DA:581,0
DA:591,0
DA:592,0
DA:601,0
DA:602,0
DA:603,0
DA:604,0
DA:605,0
DA:606,0
DA:610,0
DA:611,0
DA:620,0
DA:637,0
DA:638,0
DA:643,0
DA:644,0
DA:645,0
DA:648,0
DA:649,0
DA:652,0
DA:653,0
DA:656,0
DA:660,0
DA:661,0
DA:662,0
DA:665,0
DA:667,0
DA:668,0
DA:672,0
DA:675,0
DA:676,0
DA:684,0
DA:685,0
DA:692,0
DA:699,0
DA:709,0
DA:716,0
DA:717,0
DA:726,0
DA:744,0
DA:745,0
DA:748,0
DA:754,0
DA:759,0
DA:767,0
DA:769,0
DA:770,0
DA:773,0
DA:775,0
DA:776,0
DA:780,0
DA:781,0
DA:785,0
DA:786,0
DA:788,0
DA:799,0
DA:801,0
DA:802,0
DA:806,0
DA:807,0
DA:808,0
DA:809,0
DA:810,0
DA:813,0
DA:817,0
DA:818,0
DA:819,0
DA:822,0
DA:823,0
DA:826,0
DA:827,0
DA:828,0
DA:830,0
DA:832,0
DA:833,0
DA:835,0
DA:836,0
DA:838,0
DA:839,0
DA:841,0
DA:842,0
DA:844,0
DA:845,0
DA:847,0
DA:848,0
DA:850,0
DA:851,0
DA:853,0
DA:854,0
DA:856,0
DA:857,0
DA:861,0
DA:864,0
DA:865,0
DA:876,0
DA:877,0
DA:878,0
DA:907,0
DA:911,0
DA:919,0
DA:920,0
DA:921,0
DA:923,0
DA:924,0
DA:925,0
DA:926,0
DA:928,0
DA:929,0
DA:930,0
DA:935,0
DA:939,0
DA:940,0
DA:942,0
DA:943,0
DA:945,0
DA:946,0
DA:948,0
DA:961,0
DA:962,0
DA:965,0
DA:966,0
DA:968,0
DA:969,0
DA:977,0
DA:979,0
DA:980,0
DA:990,0
DA:994,0
DA:1004,0
DA:1015,0
DA:1016,0
DA:1025,0
DA:1035,0
DA:1036,0
DA:1037,0
DA:1039,0
DA:1044,0
LF:356
LH:0
BRDA:11,0,0,0
BRDA:11,0,1,0
BRDA:15,1,0,0
BRDA:15,1,1,0
BRDA:20,2,0,0
BRDA:20,2,1,0
BRDA:33,3,0,0
BRDA:41,4,0,0
BRDA:41,4,1,0
BRDA:45,5,0,0
BRDA:45,5,1,0
BRDA:46,6,0,0
BRDA:46,6,1,0
BRDA:47,7,0,0
BRDA:47,7,1,0
BRDA:48,8,0,0
BRDA:48,8,1,0
BRDA:48,8,2,0
BRDA:49,9,0,0
BRDA:49,9,1,0
BRDA:51,10,0,0
BRDA:51,10,1,0
BRDA:51,10,2,0
BRDA:55,11,0,0
BRDA:55,11,1,0
BRDA:55,11,2,0
BRDA:61,12,0,0
BRDA:61,12,1,0
BRDA:61,12,2,0
BRDA:65,13,0,0
BRDA:65,13,1,0
BRDA:65,13,2,0
BRDA:71,14,0,0
BRDA:71,14,1,0
BRDA:71,15,0,0
BRDA:71,15,1,0
BRDA:75,16,0,0
BRDA:75,16,1,0
BRDA:75,17,0,0
BRDA:75,17,1,0
BRDA:86,18,0,0
BRDA:86,18,1,0
BRDA:120,19,0,0
BRDA:120,19,1,0
BRDA:121,20,0,0
BRDA:121,20,1,0
BRDA:131,21,0,0
BRDA:131,21,1,0
BRDA:133,22,0,0
BRDA:133,22,1,0
BRDA:133,23,0,0
BRDA:133,23,1,0
BRDA:139,24,0,0
BRDA:139,24,1,0
BRDA:139,24,2,0
BRDA:140,25,0,0
BRDA:140,25,1,0
BRDA:140,25,2,0
BRDA:141,26,0,0
BRDA:141,26,1,0
BRDA:141,26,2,0
BRDA:142,27,0,0
BRDA:142,27,1,0
BRDA:142,27,2,0
BRDA:159,28,0,0
BRDA:174,29,0,0
BRDA:174,29,1,0
BRDA:181,30,0,0
BRDA:181,30,1,0
BRDA:181,31,0,0
BRDA:181,31,1,0
BRDA:209,32,0,0
BRDA:209,32,1,0
BRDA:210,33,0,0
BRDA:210,33,1,0
BRDA:210,33,2,0
BRDA:214,34,0,0
BRDA:214,34,1,0
BRDA:215,35,0,0
BRDA:215,35,1,0
BRDA:222,36,0,0
BRDA:222,36,1,0
BRDA:235,37,0,0
BRDA:235,37,1,0
BRDA:235,37,2,0
BRDA:244,38,0,0
BRDA:244,38,1,0
BRDA:244,39,0,0
BRDA:244,39,1,0
BRDA:254,40,0,0
BRDA:254,40,1,0
BRDA:264,41,0,0
BRDA:264,41,1,0
BRDA:281,42,0,0
BRDA:289,43,0,0
BRDA:289,43,1,0
BRDA:292,44,0,0
BRDA:292,44,1,0
BRDA:294,45,0,0
BRDA:294,45,1,0
BRDA:300,46,0,0
BRDA:300,46,1,0
BRDA:303,47,0,0
BRDA:303,47,1,0
BRDA:305,48,0,0
BRDA:305,48,1,0
BRDA:309,49,0,0
BRDA:309,49,1,0
BRDA:313,50,0,0
BRDA:313,50,1,0
BRDA:315,51,0,0
BRDA:315,51,1,0
BRDA:319,52,0,0
BRDA:319,52,1,0
BRDA:319,53,0,0
BRDA:319,53,1,0
BRDA:325,54,0,0
BRDA:325,54,1,0
BRDA:327,55,0,0
BRDA:327,55,1,0
BRDA:333,56,0,0
BRDA:333,56,1,0
BRDA:344,57,0,0
BRDA:344,57,1,0
BRDA:354,58,0,0
BRDA:354,58,1,0
BRDA:355,59,0,0
BRDA:355,59,1,0
BRDA:361,60,0,0
BRDA:361,60,1,0
BRDA:368,61,0,0
BRDA:368,61,1,0
BRDA:368,62,0,0
BRDA:368,62,1,0
BRDA:374,63,0,0
BRDA:374,63,1,0
BRDA:377,64,0,0
BRDA:377,64,1,0
BRDA:377,65,0,0
BRDA:377,65,1,0
BRDA:396,66,0,0
BRDA:396,66,1,0
BRDA:396,67,0,0
BRDA:396,67,1,0
BRDA:401,68,0,0
BRDA:401,68,1,0
BRDA:401,69,0,0
BRDA:401,69,1,0
BRDA:404,70,0,0
BRDA:404,70,1,0
BRDA:404,71,0,0
BRDA:404,71,1,0
BRDA:417,72,0,0
BRDA:417,72,1,0
BRDA:422,73,0,0
BRDA:422,73,1,0
BRDA:426,74,0,0
BRDA:426,74,1,0
BRDA:443,75,0,0
BRDA:443,75,1,0
BRDA:463,76,0,0
BRDA:465,77,0,0
BRDA:465,77,1,0
BRDA:474,78,0,0
BRDA:474,78,1,0
BRDA:476,79,0,0
BRDA:476,79,1,0
BRDA:479,80,0,0
BRDA:479,80,1,0
BRDA:480,81,0,0
BRDA:480,81,1,0
BRDA:488,82,0,0
BRDA:488,82,1,0
BRDA:493,83,0,0
BRDA:493,83,1,0
BRDA:501,84,0,0
BRDA:501,84,1,0
BRDA:502,85,0,0
BRDA:502,85,1,0
BRDA:506,86,0,0
BRDA:506,86,1,0
BRDA:507,87,0,0
BRDA:507,87,1,0
BRDA:513,88,0,0
BRDA:513,88,1,0
BRDA:523,89,0,0
BRDA:523,89,1,0
BRDA:535,90,0,0
BRDA:535,90,1,0
BRDA:540,91,0,0
BRDA:540,91,1,0
BRDA:544,92,0,0
BRDA:544,92,1,0
BRDA:567,93,0,0
BRDA:567,93,1,0
BRDA:580,94,0,0
BRDA:580,94,1,0
BRDA:580,95,0,0
BRDA:580,95,1,0
BRDA:591,96,0,0
BRDA:591,96,1,0
BRDA:597,97,0,0
BRDA:597,97,1,0
BRDA:602,98,0,0
BRDA:602,98,1,0
BRDA:604,99,0,0
BRDA:604,99,1,0
BRDA:604,100,0,0
BRDA:604,100,1,0
BRDA:606,101,0,0
BRDA:606,101,1,0
BRDA:610,102,0,0
BRDA:610,102,1,0
BRDA:614,103,0,0
BRDA:614,103,1,0
BRDA:624,104,0,0
BRDA:624,104,1,0
BRDA:627,105,0,0
BRDA:627,105,1,0
BRDA:643,106,0,0
BRDA:643,106,1,0
BRDA:644,107,0,0
BRDA:644,107,1,0
BRDA:648,108,0,0
BRDA:648,108,1,0
BRDA:649,109,0,0
BRDA:649,109,1,0
BRDA:652,110,0,0
BRDA:652,110,1,0
BRDA:653,111,0,0
BRDA:653,111,1,0
BRDA:653,111,2,0
BRDA:653,111,3,0
BRDA:659,112,0,0
BRDA:661,113,0,0
BRDA:661,113,1,0
BRDA:665,114,0,0
BRDA:665,114,1,0
BRDA:667,115,0,0
BRDA:667,115,1,0
BRDA:684,116,0,0
BRDA:684,116,1,0
BRDA:688,117,0,0
BRDA:688,117,1,0
BRDA:702,118,0,0
BRDA:702,118,1,0
BRDA:703,119,0,0
BRDA:703,119,1,0
BRDA:704,120,0,0
BRDA:704,120,1,0
BRDA:712,121,0,0
BRDA:712,121,1,0
BRDA:716,122,0,0
BRDA:716,122,1,0
BRDA:722,123,0,0
BRDA:722,123,1,0
BRDA:731,124,0,0
BRDA:731,124,1,0
BRDA:761,125,0,0
BRDA:761,125,1,0
BRDA:769,126,0,0
BRDA:769,126,1,0
BRDA:769,127,0,0
BRDA:769,127,1,0
BRDA:775,128,0,0
BRDA:775,128,1,0
BRDA:785,129,0,0
BRDA:785,129,1,0
BRDA:785,130,0,0
BRDA:785,130,1,0
BRDA:801,131,0,0
BRDA:801,131,1,0
BRDA:807,132,0,0
BRDA:807,132,1,0
BRDA:809,133,0,0
BRDA:809,133,1,0
BRDA:817,134,0,0
BRDA:817,134,1,0
BRDA:830,135,0,0
BRDA:830,135,1,0
BRDA:830,135,2,0
BRDA:830,135,3,0
BRDA:830,135,4,0
BRDA:830,135,5,0
BRDA:830,135,6,0
BRDA:830,135,7,0
BRDA:830,135,8,0
BRDA:876,136,0,0
BRDA:876,136,1,0
BRDA:877,137,0,0
BRDA:877,137,1,0
BRDA:888,138,0,0
BRDA:888,138,1,0
BRDA:907,139,0,0
BRDA:907,139,1,0
BRDA:910,140,0,0
BRDA:920,141,0,0
BRDA:920,141,1,0
BRDA:920,142,0,0
BRDA:920,142,1,0
BRDA:923,143,0,0
BRDA:923,143,1,0
BRDA:923,144,0,0
BRDA:923,144,1,0
BRDA:925,145,0,0
BRDA:925,145,1,0
BRDA:929,146,0,0
BRDA:929,146,1,0
BRDA:935,147,0,0
BRDA:935,147,1,0
BRDA:939,148,0,0
BRDA:939,148,1,0
BRDA:939,149,0,0
BRDA:939,149,1,0
BRDA:942,150,0,0
BRDA:942,150,1,0
BRDA:945,151,0,0
BRDA:945,151,1,0
BRDA:961,152,0,0
BRDA:961,152,1,0
BRDA:968,153,0,0
BRDA:968,153,1,0
BRDA:968,154,0,0
BRDA:968,154,1,0
BRDA:1015,155,0,0
BRDA:1015,155,1,0
BRDA:1035,156,0,0
BRDA:1035,156,1,0
BRF:328
BRH:0
end_of_record
TN:
SF:src/queue.js
FN:18,normalizePriority
FN:35,getMicrosecondTimestamp
FN:39,defaultTaskComparator
FN:55,buildTaskItem
FN:84,(anonymous_4)
FN:110,(anonymous_5)
FN:132,(anonymous_6)
FN:138,(anonymous_7)
FN:145,(anonymous_8)
FN:149,(anonymous_9)
FN:161,(anonymous_10)
FN:168,(anonymous_11)
FN:177,(anonymous_12)
FN:187,(anonymous_13)
FN:196,(anonymous_14)
FN:197,(anonymous_15)
FN:370,(anonymous_16)
FN:385,(anonymous_17)
FN:386,(anonymous_18)
FN:395,(anonymous_19)
FN:404,(anonymous_20)
FN:405,(anonymous_21)
FN:546,(anonymous_22)
FN:553,(anonymous_23)
FN:561,(anonymous_24)
FN:565,(anonymous_25)
FN:570,(anonymous_26)
FN:588,(anonymous_27)
FN:593,(anonymous_28)
FN:598,(anonymous_29)
FN:599,(anonymous_30)
FN:607,(anonymous_31)
FN:631,(anonymous_32)
FN:643,(anonymous_33)
FN:656,(anonymous_34)
FNF:35
FNH:0
FNDA:0,normalizePriority
FNDA:0,getMicrosecondTimestamp
FNDA:0,defaultTaskComparator
FNDA:0,buildTaskItem
FNDA:0,(anonymous_4)
FNDA:0,(anonymous_5)
FNDA:0,(anonymous_6)
FNDA:0,(anonymous_7)
FNDA:0,(anonymous_8)
FNDA:0,(anonymous_9)
FNDA:0,(anonymous_10)
FNDA:0,(anonymous_11)
FNDA:0,(anonymous_12)
FNDA:0,(anonymous_13)
FNDA:0,(anonymous_14)
FNDA:0,(anonymous_15)
FNDA:0,(anonymous_16)
FNDA:0,(anonymous_17)
FNDA:0,(anonymous_18)
FNDA:0,(anonymous_19)
FNDA:0,(anonymous_20)
FNDA:0,(anonymous_21)
FNDA:0,(anonymous_22)
FNDA:0,(anonymous_23)
FNDA:0,(anonymous_24)
FNDA:0,(anonymous_25)
FNDA:0,(anonymous_26)
FNDA:0,(anonymous_27)
FNDA:0,(anonymous_28)
FNDA:0,(anonymous_29)
FNDA:0,(anonymous_30)
FNDA:0,(anonymous_31)
FNDA:0,(anonymous_32)
FNDA:0,(anonymous_33)
FNDA:0,(anonymous_34)
DA:1,0
DA:2,0
DA:3,0
DA:4,0
DA:5,0
DA:8,0
DA:9,0
DA:10,0
DA:11,0
DA:19,0
DA:20,0
DA:21,0
DA:22,0
DA:24,0
DA:25,0
DA:28,0
DA:29,0
DA:32,0
DA:36,0
DA:40,0
DA:41,0
DA:44,0
DA:45,0
DA:48,0
DA:49,0
DA:52,0
DA:56,0
DA:57,0
DA:70,0
DA:85,0
DA:88,0
DA:89,0
DA:91,0
DA:92,0
DA:94,0
DA:95,0
DA:97,0
DA:102,0
DA:103,0
DA:105,0
DA:111,0
DA:112,0
DA:118,0
DA:120,0
DA:121,0
DA:122,0
DA:123,0
DA:125,0
DA:126,0
DA:127,0
DA:128,0
DA:129,0
DA:133,0
DA:134,0
DA:139,0
DA:140,0
DA:143,0
DA:144,0
DA:145,0
DA:146,0
DA:150,0
DA:151,0
DA:154,0
DA:155,0
DA:158,0
DA:162,0
DA:163,0
DA:164,0
DA:169,0
DA:178,0
DA:179,0
DA:182,0
DA:185,0
DA:187,0
DA:189,0
DA:191,0
DA:192,0
DA:195,0
DA:196,0
DA:197,0
DA:198,0
DA:199,0
DA:202,0
DA:203,0
DA:204,0
DA:205,0
DA:207,0
DA:208,0
DA:209,0
DA:211,0
DA:212,0
DA:213,0
DA:215,0
DA:220,0
DA:224,0
DA:225,0
DA:227,0
DA:228,0
DA:230,0
DA:233,0
DA:234,0
DA:237,0
DA:238,0
DA:239,0
DA:240,0
DA:241,0
DA:242,0
DA:243,0
DA:244,0
DA:248,0
DA:250,0
DA:252,0
DA:253,0
DA:255,0
DA:257,0
DA:258,0
DA:261,0
DA:262,0
DA:263,0
DA:264,0
DA:265,0
DA:274,0
DA:277,0
DA:280,0
DA:281,0
DA:286,0
DA:288,0
DA:289,0
DA:291,0
DA:294,0
DA:296,0
DA:297,0
DA:298,0
DA:306,0
DA:307,0
DA:308,0
DA:309,0
DA:310,0
DA:312,0
DA:316,0
DA:317,0
DA:320,0
DA:321,0
DA:327,0
DA:329,0
DA:330,0
DA:331,0
DA:333,0
DA:336,0
DA:341,0
DA:343,0
DA:344,0
DA:346,0
DA:350,0
DA:351,0
DA:352,0
DA:355,0
DA:362,0
DA:363,0
DA:364,0
DA:365,0
DA:366,0
DA:371,0
DA:372,0
DA:375,0
DA:378,0
DA:379,0
DA:382,0
DA:384,0
DA:385,0
DA:386,0
DA:395,0
DA:397,0
DA:399,0
DA:400,0
DA:403,0
DA:404,0
DA:405,0
DA:406,0
DA:407,0
DA:410,0
DA:411,0
DA:412,0
DA:413,0
DA:415,0
DA:416,0
DA:418,0
DA:419,0
DA:420,0
DA:422,0
DA:423,0
DA:424,0
DA:426,0
DA:430,0
DA:434,0
DA:435,0
DA:437,0
DA:439,0
DA:442,0
DA:443,0
DA:446,0
DA:447,0
DA:448,0
DA:449,0
DA:450,0
DA:451,0
DA:452,0
DA:453,0
DA:457,0
DA:459,0
DA:461,0
DA:462,0
DA:464,0
DA:466,0
DA:467,0
DA:468,0
DA:469,0
DA:471,0
DA:472,0
DA:473,0
DA:474,0
DA:475,0
DA:483,0
DA:485,0
DA:488,0
DA:490,0
DA:491,0
DA:493,0
DA:494,0
DA:495,0
DA:497,0
DA:499,0
DA:500,0
DA:501,0
DA:502,0
DA:505,0
DA:506,0
DA:509,0
DA:511,0
DA:512,0
DA:513,0
DA:515,0
DA:518,0
DA:519,0
DA:524,0
DA:526,0
DA:527,0
DA:529,0
DA:533,0
DA:534,0
DA:535,0
DA:538,0
DA:545,0
DA:546,0
DA:548,0
DA:549,0
DA:554,0
DA:555,0
DA:556,0
DA:558,0
DA:562,0
DA:566,0
DA:570,0
DA:572,0
DA:573,0
DA:575,0
DA:581,0
DA:582,0
DA:583,0
DA:585,0
DA:587,0
DA:589,0
DA:590,0
DA:592,0
DA:593,0
DA:594,0
DA:596,0
DA:599,0
DA:600,0
DA:604,0
DA:607,0
DA:611,0
DA:612,0
DA:621,0
DA:622,0
DA:624,0
DA:627,0
DA:628,0
DA:632,0
DA:644,0
DA:645,0
DA:647,0
DA:649,0
DA:650,0
DA:653,0
DA:657,0
DA:663,0
LF:297
LH:0
BRDA:19,0,0,0
BRDA:19,0,1,0
BRDA:21,1,0,0
BRDA:21,1,1,0
BRDA:25,2,0,0
BRDA:25,2,1,0
BRDA:28,3,0,0
BRDA:28,3,1,0
BRDA:28,4,0,0
BRDA:28,4,1,0
BRDA:40,5,0,0
BRDA:40,5,1,0
BRDA:44,6,0,0
BRDA:44,6,1,0
BRDA:48,7,0,0
BRDA:48,7,1,0
BRDA:49,8,0,0
BRDA:49,8,1,0
BRDA:56,9,0,0
BRDA:56,9,1,0
BRDA:56,10,0,0
BRDA:56,10,1,0
BRDA:59,11,0,0
BRDA:59,11,1,0
BRDA:61,12,0,0
BRDA:61,12,1,0
BRDA:63,13,0,0
BRDA:63,13,1,0
BRDA:64,14,0,0
BRDA:64,14,1,0
BRDA:84,15,0,0
BRDA:84,16,0,0
BRDA:88,17,0,0
BRDA:88,17,1,0
BRDA:89,18,0,0
BRDA:89,18,1,0
BRDA:91,19,0,0
BRDA:91,19,1,0
BRDA:94,20,0,0
BRDA:94,20,1,0
BRDA:95,21,0,0
BRDA:95,21,1,0
BRDA:95,22,0,0
BRDA:95,22,1,0
BRDA:98,23,0,0
BRDA:98,23,1,0
BRDA:98,23,2,0
BRDA:102,24,0,0
BRDA:102,24,1,0
BRDA:102,24,2,0
BRDA:111,25,0,0
BRDA:111,25,1,0
BRDA:115,26,0,0
BRDA:115,26,1,0
BRDA:133,27,0,0
BRDA:133,27,1,0
BRDA:133,28,0,0
BRDA:133,28,1,0
BRDA:138,29,0,0
BRDA:138,30,0,0
BRDA:138,30,1,0
BRDA:139,31,0,0
BRDA:139,31,1,0
BRDA:139,32,0,0
BRDA:139,32,1,0
BRDA:150,33,0,0
BRDA:150,33,1,0
BRDA:150,34,0,0
BRDA:150,34,1,0
BRDA:154,35,0,0
BRDA:154,35,1,0
BRDA:154,36,0,0
BRDA:154,36,1,0
BRDA:162,37,0,0
BRDA:162,37,1,0
BRDA:177,38,0,0
BRDA:178,39,0,0
BRDA:178,39,1,0
BRDA:180,40,0,0
BRDA:180,40,1,0
BRDA:185,41,0,0
BRDA:185,41,1,0
BRDA:187,42,0,0
BRDA:187,42,1,0
BRDA:191,43,0,0
BRDA:191,43,1,0
BRDA:198,44,0,0
BRDA:198,44,1,0
BRDA:203,45,0,0
BRDA:203,45,1,0
BRDA:207,46,0,0
BRDA:207,46,1,0
BRDA:211,47,0,0
BRDA:211,47,1,0
BRDA:212,48,0,0
BRDA:212,48,1,0
BRDA:228,49,0,0
BRDA:228,49,1,0
BRDA:230,50,0,0
BRDA:230,50,1,0
BRDA:233,51,0,0
BRDA:233,51,1,0
BRDA:238,52,0,0
BRDA:238,52,1,0
BRDA:239,53,0,0
BRDA:239,53,1,0
BRDA:241,54,0,0
BRDA:241,54,1,0
BRDA:252,55,0,0
BRDA:252,55,1,0
BRDA:252,56,0,0
BRDA:252,56,1,0
BRDA:257,57,0,0
BRDA:257,57,1,0
BRDA:262,58,0,0
BRDA:262,58,1,0
BRDA:262,59,0,0
BRDA:262,59,1,0
BRDA:263,60,0,0
BRDA:263,60,1,0
BRDA:263,61,0,0
BRDA:263,61,1,0
BRDA:264,62,0,0
BRDA:264,62,1,0
BRDA:280,63,0,0
BRDA:280,63,1,0
BRDA:291,64,0,0
BRDA:291,64,1,0
BRDA:291,65,0,0
BRDA:291,65,1,0
BRDA:294,66,0,0
BRDA:294,66,1,0
BRDA:297,67,0,0
BRDA:297,67,1,0
BRDA:297,68,0,0
BRDA:297,68,1,0
BRDA:306,69,0,0
BRDA:306,69,1,0
BRDA:308,70,0,0
BRDA:308,70,1,0
BRDA:308,71,0,0
BRDA:308,71,1,0
BRDA:308,71,2,0
BRDA:316,72,0,0
BRDA:316,72,1,0
BRDA:316,73,0,0
BRDA:316,73,1,0
BRDA:320,74,0,0
BRDA:320,74,1,0
BRDA:323,75,0,0
BRDA:323,75,1,0
BRDA:329,76,0,0
BRDA:329,76,1,0
BRDA:351,77,0,0
BRDA:351,77,1,0
BRDA:351,78,0,0
BRDA:351,78,1,0
BRDA:370,79,0,0
BRDA:371,80,0,0
BRDA:371,80,1,0
BRDA:373,81,0,0
BRDA:373,81,1,0
BRDA:378,82,0,0
BRDA:378,82,1,0
BRDA:378,83,0,0
BRDA:378,83,1,0
BRDA:385,84,0,0
BRDA:385,84,1,0
BRDA:388,85,0,0
BRDA:388,85,1,0
BRDA:389,86,0,0
BRDA:389,86,1,0
BRDA:390,87,0,0
BRDA:390,87,1,0
BRDA:399,88,0,0
BRDA:399,88,1,0
BRDA:406,89,0,0
BRDA:406,89,1,0
BRDA:411,90,0,0
BRDA:411,90,1,0
BRDA:418,91,0,0
BRDA:418,91,1,0
BRDA:422,92,0,0
BRDA:422,92,1,0
BRDA:423,93,0,0
BRDA:423,93,1,0
BRDA:439,94,0,0
BRDA:439,94,1,0
BRDA:442,95,0,0
BRDA:442,95,1,0
BRDA:447,96,0,0
BRDA:447,96,1,0
BRDA:448,97,0,0
BRDA:448,97,1,0
BRDA:450,98,0,0
BRDA:450,98,1,0
BRDA:461,99,0,0
BRDA:461,99,1,0
BRDA:461,100,0,0
BRDA:461,100,1,0
BRDA:466,101,0,0
BRDA:466,101,1,0
BRDA:472,102,0,0
BRDA:472,102,1,0
BRDA:472,103,0,0
BRDA:472,103,1,0
BRDA:473,104,0,0
BRDA:473,104,1,0
BRDA:473,105,0,0
BRDA:473,105,1,0
BRDA:474,106,0,0
BRDA:474,106,1,0
BRDA:494,107,0,0
BRDA:494,107,1,0
BRDA:494,108,0,0
BRDA:494,108,1,0
BRDA:499,109,0,0
BRDA:499,109,1,0
BRDA:505,110,0,0
BRDA:505,110,1,0
BRDA:505,111,0,0
BRDA:505,111,1,0
BRDA:511,112,0,0
BRDA:511,112,1,0
BRDA:534,113,0,0
BRDA:534,113,1,0
BRDA:534,114,0,0
BRDA:534,114,1,0
BRDA:554,115,0,0
BRDA:554,115,1,0
BRDA:561,116,0,0
BRDA:565,117,0,0
BRDA:567,118,0,0
BRDA:567,118,1,0
BRDA:567,118,2,0
BRDA:570,119,0,0
BRDA:570,119,1,0
BRDA:589,120,0,0
BRDA:589,120,1,0
BRDA:621,121,0,0
BRDA:621,121,1,0
BRDA:639,122,0,0
BRDA:639,122,1,0
BRDA:649,123,0,0
BRDA:649,123,1,0
BRDA:649,124,0,0
BRDA:649,124,1,0
BRDA:657,125,0,0
BRDA:657,125,1,0
BRDA:657,126,0,0
BRDA:657,126,1,0
BRF:251
BRH:0
end_of_record
TN:
SF:src/reconciliation.js
FN:12,parseInteger
FN:17,isFiniteNumber
FN:21,normalizeNumber
FN:26,safeString
FN:34,(anonymous_4)
FN:42,(anonymous_5)
FN:95,(anonymous_6)
FN:104,(anonymous_7)
FN:114,(anonymous_8)
FN:121,(anonymous_9)
FN:138,(anonymous_10)
FN:186,(anonymous_11)
FN:253,(anonymous_12)
FN:300,(anonymous_13)
FN:312,(anonymous_14)
FN:317,(anonymous_15)
FN:326,(anonymous_16)
FN:339,(anonymous_17)
FN:356,(anonymous_18)
FN:375,(anonymous_19)
FN:393,(anonymous_20)
FN:400,(anonymous_21)
FN:420,(anonymous_22)
FN:472,(anonymous_23)
FN:543,(anonymous_24)
FN:575,(anonymous_25)
FN:576,(anonymous_26)
FN:579,(anonymous_27)
FN:580,(anonymous_28)
FN:581,(anonymous_29)
FN:585,(anonymous_30)
FN:618,(anonymous_31)
FN:670,(anonymous_32)
FN:674,(anonymous_33)
FN:706,(anonymous_34)
FN:751,(anonymous_35)
FN:776,(anonymous_36)
FNF:37
FNH:0
FNDA:0,parseInteger
FNDA:0,isFiniteNumber
FNDA:0,normalizeNumber
FNDA:0,safeString
FNDA:0,(anonymous_4)
FNDA:0,(anonymous_5)
FNDA:0,(anonymous_6)
FNDA:0,(anonymous_7)
FNDA:0,(anonymous_8)
FNDA:0,(anonymous_9)
FNDA:0,(anonymous_10)
FNDA:0,(anonymous_11)
FNDA:0,(anonymous_12)
FNDA:0,(anonymous_13)
FNDA:0,(anonymous_14)
FNDA:0,(anonymous_15)
FNDA:0,(anonymous_16)
FNDA:0,(anonymous_17)
FNDA:0,(anonymous_18)
FNDA:0,(anonymous_19)
FNDA:0,(anonymous_20)
FNDA:0,(anonymous_21)
FNDA:0,(anonymous_22)
FNDA:0,(anonymous_23)
FNDA:0,(anonymous_24)
FNDA:0,(anonymous_25)
FNDA:0,(anonymous_26)
FNDA:0,(anonymous_27)
FNDA:0,(anonymous_28)
FNDA:0,(anonymous_29)
FNDA:0,(anonymous_30)
FNDA:0,(anonymous_31)
FNDA:0,(anonymous_32)
FNDA:0,(anonymous_33)
FNDA:0,(anonymous_34)
FNDA:0,(anonymous_35)
FNDA:0,(anonymous_36)
DA:1,0
DA:2,0
DA:4,0
DA:5,0
DA:6,0
DA:7,0
DA:8,0
DA:9,0
DA:10,0
DA:13,0
DA:14,0
DA:18,0
DA:22,0
DA:23,0
DA:27,0
DA:28,0
DA:30,0
DA:35,0
DA:37,0
DA:38,0
DA:39,0
DA:40,0
DA:42,0
DA:43,0
DA:45,0
DA:48,0
DA:51,0
DA:54,0
DA:57,0
DA:59,0
DA:61,0
DA:65,0
DA:66,0
DA:67,0
DA:68,0
DA:69,0
DA:70,0
DA:71,0
DA:72,0
DA:74,0
DA:91,0
DA:92,0
DA:96,0
DA:97,0
DA:98,0
DA:100,0
DA:105,0
DA:106,0
DA:109,0
DA:110,0
DA:111,0
DA:114,0
DA:115,0
DA:118,0
DA:122,0
DA:123,0
DA:124,0
DA:126,0
DA:127,0
DA:128,0
DA:129,0
DA:130,0
DA:131,0
DA:133,0
DA:134,0
DA:139,0
DA:140,0
DA:141,0
DA:143,0
DA:144,0
DA:146,0
DA:147,0
DA:150,0
DA:151,0
DA:152,0
DA:161,0
DA:162,0
DA:163,0
DA:164,0
DA:165,0
DA:166,0
DA:167,0
DA:170,0
DA:171,0
DA:182,0
DA:183,0
DA:187,0
DA:188,0
DA:189,0
DA:190,0
DA:193,0
DA:194,0
DA:195,0
DA:196,0
DA:198,0
DA:199,0
DA:201,0
DA:202,0
DA:204,0
DA:205,0
DA:207,0
DA:208,0
DA:211,0
DA:212,0
DA:215,0
DA:216,0
DA:217,0
DA:222,0
DA:223,0
DA:226,0
DA:227,0
DA:228,0
DA:229,0
DA:245,0
DA:246,0
DA:248,0
DA:249,0
DA:254,0
DA:256,0
DA:257,0
DA:258,0
DA:261,0
DA:262,0
DA:263,0
DA:265,0
DA:266,0
DA:267,0
DA:268,0
DA:269,0
DA:272,0
DA:273,0
DA:275,0
DA:276,0
DA:277,0
DA:286,0
DA:290,0
DA:291,0
DA:292,0
DA:293,0
DA:294,0
DA:301,0
DA:312,0
DA:317,0
DA:327,0
DA:328,0
DA:331,0
DA:332,0
DA:333,0
DA:335,0
DA:340,0
DA:341,0
DA:353,0
DA:357,0
DA:358,0
DA:359,0
DA:361,0
DA:376,0
DA:377,0
DA:379,0
DA:380,0
DA:382,0
DA:385,0
DA:387,0
DA:389,0
DA:394,0
DA:395,0
DA:397,0
DA:401,0
DA:402,0
DA:403,0
DA:417,0
DA:420,0
DA:421,0
DA:422,0
DA:423,0
DA:425,0
DA:426,0
DA:440,0
DA:443,0
DA:444,0
DA:445,0
DA:446,0
DA:447,0
DA:448,0
DA:451,0
DA:452,0
DA:463,0
DA:469,0
DA:473,0
DA:474,0
DA:482,0
DA:490,0
DA:491,0
DA:492,0
DA:493,0
DA:494,0
DA:496,0
DA:497,0
DA:498,0
DA:500,0
DA:501,0
DA:504,0
DA:505,0
DA:522,0
DA:538,0
DA:539,0
DA:540,0
DA:544,0
DA:545,0
DA:546,0
DA:547,0
DA:548,0
DA:549,0
DA:550,0
DA:551,0
DA:564,0
DA:566,0
DA:569,0
DA:571,0
DA:572,0
DA:576,0
DA:580,0
DA:581,0
DA:586,0
DA:587,0
DA:588,0
DA:589,0
DA:592,0
DA:593,0
DA:596,0
DA:602,0
DA:603,0
DA:607,0
DA:608,0
DA:610,0
DA:611,0
DA:612,0
DA:614,0
DA:615,0
DA:619,0
DA:620,0
DA:623,0
DA:624,0
DA:625,0
DA:626,0
DA:628,0
DA:629,0
DA:630,0
DA:632,0
DA:636,0
DA:638,0
DA:639,0
DA:642,0
DA:643,0
DA:644,0
DA:646,0
DA:651,0
DA:652,0
DA:653,0
DA:654,0
DA:656,0
DA:657,0
DA:658,0
DA:660,0
DA:671,0
DA:675,0
DA:681,0
DA:682,0
DA:683,0
DA:684,0
DA:686,0
DA:687,0
DA:688,0
DA:699,0
DA:702,0
DA:705,0
DA:706,0
DA:709,0
DA:710,0
DA:720,0
DA:721,0
DA:724,0
DA:725,0
DA:726,0
DA:728,0
DA:729,0
DA:730,0
DA:741,0
DA:743,0
DA:745,0
DA:746,0
DA:752,0
DA:759,0
DA:760,0
DA:761,0
DA:763,0
DA:764,0
DA:765,0
DA:767,0
DA:772,0
DA:773,0
DA:777,0
DA:778,0
DA:781,0
DA:782,0
DA:788,0
DA:789,0
DA:794,0
LF:308
LH:0
BRDA:14,0,0,0
BRDA:14,0,1,0
BRDA:21,1,0,0
BRDA:23,2,0,0
BRDA:23,2,1,0
BRDA:27,3,0,0
BRDA:27,3,1,0
BRDA:27,4,0,0
BRDA:27,4,1,0
BRDA:34,5,0,0
BRDA:37,6,0,0
BRDA:37,6,1,0
BRDA:38,7,0,0
BRDA:38,7,1,0
BRDA:39,8,0,0
BRDA:39,8,1,0
BRDA:42,9,0,0
BRDA:42,9,1,0
BRDA:44,10,0,0
BRDA:44,10,1,0
BRDA:44,10,2,0
BRDA:46,11,0,0
BRDA:46,11,1,0
BRDA:49,12,0,0
BRDA:49,12,1,0
BRDA:52,13,0,0
BRDA:52,13,1,0
BRDA:55,14,0,0
BRDA:55,14,1,0
BRDA:58,15,0,0
BRDA:58,15,1,0
BRDA:60,16,0,0
BRDA:60,16,1,0
BRDA:62,17,0,0
BRDA:62,17,1,0
BRDA:97,18,0,0
BRDA:97,18,1,0
BRDA:98,19,0,0
BRDA:98,19,1,0
BRDA:105,20,0,0
BRDA:105,20,1,0
BRDA:105,21,0,0
BRDA:105,21,1,0
BRDA:105,21,2,0
BRDA:109,22,0,0
BRDA:109,22,1,0
BRDA:110,23,0,0
BRDA:110,23,1,0
BRDA:110,24,0,0
BRDA:110,24,1,0
BRDA:121,25,0,0
BRDA:123,26,0,0
BRDA:123,26,1,0
BRDA:123,27,0,0
BRDA:123,27,1,0
BRDA:123,27,2,0
BRDA:128,28,0,0
BRDA:128,28,1,0
BRDA:130,29,0,0
BRDA:130,29,1,0
BRDA:138,30,0,0
BRDA:140,31,0,0
BRDA:140,31,1,0
BRDA:143,32,0,0
BRDA:143,32,1,0
BRDA:143,33,0,0
BRDA:143,33,1,0
BRDA:146,34,0,0
BRDA:146,34,1,0
BRDA:151,35,0,0
BRDA:151,35,1,0
BRDA:158,36,0,0
BRDA:158,36,1,0
BRDA:166,37,0,0
BRDA:166,37,1,0
BRDA:166,38,0,0
BRDA:166,38,1,0
BRDA:170,39,0,0
BRDA:170,39,1,0
BRDA:170,40,0,0
BRDA:170,40,1,0
BRDA:186,41,0,0
BRDA:189,42,0,0
BRDA:189,42,1,0
BRDA:195,43,0,0
BRDA:195,43,1,0
BRDA:195,44,0,0
BRDA:195,44,1,0
BRDA:201,45,0,0
BRDA:201,45,1,0
BRDA:201,46,0,0
BRDA:201,46,1,0
BRDA:204,47,0,0
BRDA:204,47,1,0
BRDA:204,48,0,0
BRDA:204,48,1,0
BRDA:207,49,0,0
BRDA:207,49,1,0
BRDA:207,50,0,0
BRDA:207,50,1,0
BRDA:211,51,0,0
BRDA:211,51,1,0
BRDA:216,52,0,0
BRDA:216,52,1,0
BRDA:217,53,0,0
BRDA:217,53,1,0
BRDA:222,54,0,0
BRDA:222,54,1,0
BRDA:228,55,0,0
BRDA:228,55,1,0
BRDA:253,56,0,0
BRDA:257,57,0,0
BRDA:257,57,1,0
BRDA:257,58,0,0
BRDA:257,58,1,0
BRDA:257,58,2,0
BRDA:263,59,0,0
BRDA:263,59,1,0
BRDA:265,60,0,0
BRDA:265,60,1,0
BRDA:276,61,0,0
BRDA:276,61,1,0
BRDA:327,62,0,0
BRDA:327,62,1,0
BRDA:340,63,0,0
BRDA:340,63,1,0
BRDA:358,64,0,0
BRDA:358,64,1,0
BRDA:358,65,0,0
BRDA:358,65,1,0
BRDA:365,66,0,0
BRDA:365,66,1,0
BRDA:366,67,0,0
BRDA:366,67,1,0
BRDA:367,68,0,0
BRDA:367,68,1,0
BRDA:368,69,0,0
BRDA:368,69,1,0
BRDA:369,70,0,0
BRDA:369,70,1,0
BRDA:371,71,0,0
BRDA:371,71,1,0
BRDA:376,72,0,0
BRDA:376,72,1,0
BRDA:379,73,0,0
BRDA:379,73,1,0
BRDA:382,74,0,0
BRDA:382,74,1,0
BRDA:382,74,2,0
BRDA:382,74,3,0
BRDA:394,75,0,0
BRDA:394,75,1,0
BRDA:394,76,0,0
BRDA:394,76,1,0
BRDA:401,77,0,0
BRDA:401,77,1,0
BRDA:402,78,0,0
BRDA:402,78,1,0
BRDA:406,79,0,0
BRDA:406,79,1,0
BRDA:407,80,0,0
BRDA:407,80,1,0
BRDA:408,81,0,0
BRDA:408,81,1,0
BRDA:421,82,0,0
BRDA:421,82,1,0
BRDA:425,83,0,0
BRDA:425,83,1,0
BRDA:429,84,0,0
BRDA:429,84,1,0
BRDA:430,85,0,0
BRDA:430,85,1,0
BRDA:431,86,0,0
BRDA:431,86,1,0
BRDA:447,87,0,0
BRDA:447,87,1,0
BRDA:447,88,0,0
BRDA:447,88,1,0
BRDA:451,89,0,0
BRDA:451,89,1,0
BRDA:451,90,0,0
BRDA:451,90,1,0
BRDA:473,91,0,0
BRDA:473,91,1,0
BRDA:476,92,0,0
BRDA:476,92,1,0
BRDA:477,93,0,0
BRDA:477,93,1,0
BRDA:500,94,0,0
BRDA:500,94,1,0
BRDA:500,95,0,0
BRDA:500,95,1,0
BRDA:504,96,0,0
BRDA:504,96,1,0
BRDA:504,97,0,0
BRDA:504,97,1,0
BRDA:550,98,0,0
BRDA:550,98,1,0
BRDA:550,99,0,0
BRDA:550,99,1,0
BRDA:588,100,0,0
BRDA:588,100,1,0
BRDA:588,101,0,0
BRDA:588,101,1,0
BRDA:592,102,0,0
BRDA:592,102,1,0
BRDA:611,103,0,0
BRDA:611,103,1,0
BRDA:611,104,0,0
BRDA:611,104,1,0
BRDA:619,105,0,0
BRDA:619,105,1,0
BRDA:629,106,0,0
BRDA:629,106,1,0
BRDA:629,107,0,0
BRDA:629,107,1,0
BRDA:638,108,0,0
BRDA:638,108,1,0
BRDA:652,109,0,0
BRDA:652,109,1,0
BRDA:657,110,0,0
BRDA:657,110,1,0
BRDA:657,111,0,0
BRDA:657,111,1,0
BRDA:662,112,0,0
BRDA:662,112,1,0
BRDA:681,113,0,0
BRDA:681,113,1,0
BRDA:683,114,0,0
BRDA:683,114,1,0
BRDA:683,115,0,0
BRDA:683,115,1,0
BRDA:687,116,0,0
BRDA:687,116,1,0
BRDA:687,117,0,0
BRDA:687,117,1,0
BRDA:702,118,0,0
BRDA:702,118,1,0
BRDA:705,119,0,0
BRDA:705,119,1,0
BRDA:717,120,0,0
BRDA:717,120,1,0
BRDA:720,121,0,0
BRDA:720,121,1,0
BRDA:725,122,0,0
BRDA:725,122,1,0
BRDA:725,123,0,0
BRDA:725,123,1,0
BRDA:729,124,0,0
BRDA:729,124,1,0
BRDA:729,125,0,0
BRDA:729,125,1,0
BRDA:745,126,0,0
BRDA:745,126,1,0
BRDA:751,127,0,0
BRDA:754,128,0,0
BRDA:754,128,1,0
BRDA:755,129,0,0
BRDA:755,129,1,0
BRDA:756,130,0,0
BRDA:756,130,1,0
BRDA:764,131,0,0
BRDA:764,131,1,0
BRDA:764,132,0,0
BRDA:764,132,1,0
BRDA:777,133,0,0
BRDA:777,133,1,0
BRDA:781,134,0,0
BRDA:781,134,1,0
BRDA:788,135,0,0
BRDA:788,135,1,0
BRDA:789,136,0,0
BRDA:789,136,1,0
BRF:273
BRH:0
end_of_record
TN:
SF:src/registry.js
FN:19,(anonymous_0)
FN:48,(anonymous_1)
FN:73,(anonymous_2)
FN:81,(anonymous_3)
FN:82,(anonymous_4)
FN:93,(anonymous_5)
FN:96,(anonymous_6)
FN:97,(anonymous_7)
FN:104,(anonymous_8)
FN:105,(anonymous_9)
FN:113,(anonymous_10)
FN:159,(anonymous_11)
FN:178,(anonymous_12)
FN:185,(anonymous_13)
FN:246,(anonymous_14)
FN:248,(anonymous_15)
FN:347,(anonymous_16)
FN:356,(anonymous_17)
FN:359,(anonymous_18)
FN:374,(anonymous_19)
FN:379,(anonymous_20)
FN:382,(anonymous_21)
FN:400,(anonymous_22)
FNF:23
FNH:0
FNDA:0,(anonymous_0)
FNDA:0,(anonymous_1)
FNDA:0,(anonymous_2)
FNDA:0,(anonymous_3)
FNDA:0,(anonymous_4)
FNDA:0,(anonymous_5)
FNDA:0,(anonymous_6)
FNDA:0,(anonymous_7)
FNDA:0,(anonymous_8)
FNDA:0,(anonymous_9)
FNDA:0,(anonymous_10)
FNDA:0,(anonymous_11)
FNDA:0,(anonymous_12)
FNDA:0,(anonymous_13)
FNDA:0,(anonymous_14)
FNDA:0,(anonymous_15)
FNDA:0,(anonymous_16)
FNDA:0,(anonymous_17)
FNDA:0,(anonymous_18)
FNDA:0,(anonymous_19)
FNDA:0,(anonymous_20)
FNDA:0,(anonymous_21)
FNDA:0,(anonymous_22)
DA:1,0
DA:2,0
DA:3,0
DA:4,0
DA:6,0
DA:20,0
DA:21,0
DA:22,0
DA:23,0
DA:24,0
DA:25,0
DA:26,0
DA:29,0
DA:37,0
DA:39,0
DA:41,0
DA:49,0
DA:52,0
DA:53,0
DA:54,0
DA:55,0
DA:60,0
DA:61,0
DA:62,0
DA:65,0
DA:66,0
DA:74,0
DA:82,0
DA:94,0
DA:95,0
DA:96,0
DA:97,0
DA:105,0
DA:114,0
DA:115,0
DA:116,0
DA:117,0
DA:118,0
DA:121,0
DA:129,0
DA:130,0
DA:133,0
DA:135,0
DA:138,0
DA:139,0
DA:160,0
DA:161,0
DA:162,0
DA:163,0
DA:165,0
DA:166,0
DA:167,0
DA:168,0
DA:173,0
DA:178,0
DA:186,0
DA:187,0
DA:188,0
DA:190,0
DA:192,0
DA:195,0
DA:197,0
DA:199,0
DA:200,0
DA:210,0
DA:211,0
DA:212,0
DA:215,0
DA:217,0
DA:218,0
DA:219,0
DA:222,0
DA:223,0
DA:224,0
DA:226,0
DA:228,0
DA:229,0
DA:233,0
DA:234,0
DA:236,0
DA:240,0
DA:242,0
DA:247,0
DA:248,0
DA:249,0
DA:252,0
DA:253,0
DA:255,0
DA:258,0
DA:260,0
DA:261,0
DA:262,0
DA:264,0
DA:266,0
DA:267,0
DA:268,0
DA:270,0
DA:271,0
DA:278,0
DA:281,0
DA:282,0
DA:285,0
DA:286,0
DA:289,0
DA:290,0
DA:302,0
DA:306,0
DA:307,0
DA:315,0
DA:319,0
DA:320,0
DA:328,0
DA:332,0
DA:333,0
DA:334,0
DA:337,0
DA:338,0
DA:339,0
DA:340,0
DA:342,0
DA:346,0
DA:347,0
DA:348,0
DA:357,0
DA:358,0
DA:359,0
DA:361,0
DA:362,0
DA:363,0
DA:365,0
DA:367,0
DA:375,0
DA:376,0
DA:378,0
DA:379,0
DA:381,0
DA:382,0
DA:383,0
DA:386,0
DA:387,0
DA:389,0
DA:390,0
DA:401,0
DA:402,0
DA:408,0
DA:413,0
LF:146
LH:0
BRDA:19,0,0,0
BRDA:25,1,0,0
BRDA:25,1,1,0
BRDA:26,2,0,0
BRDA:26,2,1,0
BRDA:29,3,0,0
BRDA:29,3,1,0
BRDA:30,4,0,0
BRDA:30,4,1,0
BRDA:31,5,0,0
BRDA:31,5,1,0
BRDA:53,6,0,0
BRDA:53,6,1,0
BRDA:54,7,0,0
BRDA:54,7,1,0
BRDA:54,8,0,0
BRDA:54,8,1,0
BRDA:94,9,0,0
BRDA:94,9,1,0
BRDA:113,10,0,0
BRDA:114,11,0,0
BRDA:114,11,1,0
BRDA:117,12,0,0
BRDA:117,12,1,0
BRDA:129,13,0,0
BRDA:129,13,1,0
BRDA:129,14,0,0
BRDA:129,14,1,0
BRDA:130,15,0,0
BRDA:130,15,1,0
BRDA:132,16,0,0
BRDA:132,16,1,0
BRDA:135,17,0,0
BRDA:135,17,1,0
BRDA:138,18,0,0
BRDA:138,18,1,0
BRDA:138,19,0,0
BRDA:138,19,1,0
BRDA:143,20,0,0
BRDA:143,20,1,0
BRDA:146,21,0,0
BRDA:146,21,1,0
BRDA:147,22,0,0
BRDA:147,22,1,0
BRDA:148,23,0,0
BRDA:148,23,1,0
BRDA:149,24,0,0
BRDA:149,24,1,0
BRDA:161,25,0,0
BRDA:161,25,1,0
BRDA:162,26,0,0
BRDA:162,26,1,0
BRDA:165,27,0,0
BRDA:165,27,1,0
BRDA:165,28,0,0
BRDA:165,28,1,0
BRDA:167,29,0,0
BRDA:167,29,1,0
BRDA:179,30,0,0
BRDA:179,30,1,0
BRDA:190,31,0,0
BRDA:190,31,1,0
BRDA:201,32,0,0
BRDA:201,32,1,0
BRDA:210,33,0,0
BRDA:210,33,1,0
BRDA:217,34,0,0
BRDA:217,34,1,0
BRDA:217,35,0,0
BRDA:217,35,1,0
BRDA:217,35,2,0
BRDA:228,36,0,0
BRDA:228,36,1,0
BRDA:228,37,0,0
BRDA:228,37,1,0
BRDA:233,38,0,0
BRDA:233,38,1,0
BRDA:236,39,0,0
BRDA:236,39,1,0
BRDA:252,40,0,0
BRDA:252,40,1,0
BRDA:258,41,0,0
BRDA:258,41,1,0
BRDA:260,42,0,0
BRDA:260,42,1,0
BRDA:262,43,0,0
BRDA:262,43,1,0
BRDA:264,44,0,0
BRDA:264,44,1,0
BRDA:264,44,2,0
BRDA:264,44,3,0
BRDA:264,44,4,0
BRDA:264,44,5,0
BRDA:264,44,6,0
BRDA:264,44,7,0
BRDA:264,44,8,0
BRDA:266,45,0,0
BRDA:266,45,1,0
BRDA:289,46,0,0
BRDA:289,46,1,0
BRDA:292,47,0,0
BRDA:292,47,1,0
BRDA:298,48,0,0
BRDA:298,48,1,0
BRDA:306,49,0,0
BRDA:306,49,1,0
BRDA:307,50,0,0
BRDA:307,50,1,0
BRDA:311,51,0,0
BRDA:311,51,1,0
BRDA:319,52,0,0
BRDA:319,52,1,0
BRDA:320,53,0,0
BRDA:320,53,1,0
BRDA:324,54,0,0
BRDA:324,54,1,0
BRDA:338,55,0,0
BRDA:338,55,1,0
BRDA:339,56,0,0
BRDA:339,56,1,0
BRDA:347,57,0,0
BRDA:347,57,1,0
BRDA:358,58,0,0
BRDA:358,58,1,0
BRDA:358,59,0,0
BRDA:358,59,1,0
BRDA:361,60,0,0
BRDA:361,60,1,0
BRDA:362,61,0,0
BRDA:362,61,1,0
BRDA:367,62,0,0
BRDA:367,62,1,0
BRDA:376,63,0,0
BRDA:376,63,1,0
BRDA:378,64,0,0
BRDA:378,64,1,0
BRDA:381,65,0,0
BRDA:381,65,1,0
BRDA:386,66,0,0
BRDA:386,66,1,0
BRDA:386,67,0,0
BRDA:386,67,1,0
BRDA:389,68,0,0
BRDA:389,68,1,0
BRF:144
BRH:0
end_of_record
TN:
SF:src/retry.js
FN:67,extractErrorCode
FN:105,classifyError
FN:117,(anonymous_2)
FN:129,(anonymous_3)
FN:139,(anonymous_4)
FN:167,calculateDelay
FN:179,sleep
FN:180,(anonymous_7)
FN:200,withRetry
FN:311,retry
FN:316,(anonymous_10)
FN:323,isRetryableError
FN:331,isDuplicateTransactionError
FNF:13
FNH:0
FNDA:0,extractErrorCode
FNDA:0,classifyError
FNDA:0,(anonymous_2)
FNDA:0,(anonymous_3)
FNDA:0,(anonymous_4)
FNDA:0,calculateDelay
FNDA:0,sleep
FNDA:0,(anonymous_7)
FNDA:0,withRetry
FNDA:0,retry
FNDA:0,(anonymous_10)
FNDA:0,isRetryableError
FNDA:0,isDuplicateTransactionError
DA:1,0
DA:6,0
DA:16,0
DA:36,0
DA:56,0
DA:68,0
DA:70,0
DA:71,0
DA:74,0
DA:75,0
DA:78,0
DA:79,0
DA:82,0
DA:83,0
DA:86,0
DA:92,0
DA:93,0
DA:97,0
DA:106,0
DA:108,0
DA:110,0
DA:111,0
DA:115,0
DA:118,0
DA:124,0
DA:127,0
DA:130,0
DA:134,0
DA:137,0
DA:140,0
DA:144,0
DA:147,0
DA:154,0
DA:157,0
DA:168,0
DA:169,0
DA:170,0
DA:171,0
DA:180,0
DA:183,0
DA:201,0
DA:203,0
DA:205,0
DA:206,0
DA:207,0
DA:208,0
DA:215,0
DA:216,0
DA:217,0
DA:224,0
DA:225,0
DA:226,0
DA:228,0
DA:238,0
DA:239,0
DA:250,0
DA:254,0
DA:265,0
DA:266,0
DA:267,0
DA:269,0
DA:280,0
DA:281,0
DA:282,0
DA:284,0
DA:285,0
DA:289,0
DA:312,0
DA:316,0
DA:324,0
DA:332,0
DA:335,0
LF:72
LH:0
BRDA:68,0,0,0
BRDA:68,0,1,0
BRDA:70,1,0,0
BRDA:70,1,1,0
BRDA:70,2,0,0
BRDA:70,2,1,0
BRDA:74,3,0,0
BRDA:74,3,1,0
BRDA:74,4,0,0
BRDA:74,4,1,0
BRDA:78,5,0,0
BRDA:78,5,1,0
BRDA:78,6,0,0
BRDA:78,6,1,0
BRDA:82,7,0,0
BRDA:82,7,1,0
BRDA:83,8,0,0
BRDA:83,8,1,0
BRDA:93,9,0,0
BRDA:93,9,1,0
BRDA:106,10,0,0
BRDA:106,10,1,0
BRDA:110,11,0,0
BRDA:110,11,1,0
BRDA:112,12,0,0
BRDA:112,12,1,0
BRDA:112,12,2,0
BRDA:112,12,3,0
BRDA:115,13,0,0
BRDA:115,13,1,0
BRDA:118,14,0,0
BRDA:118,14,1,0
BRDA:118,14,2,0
BRDA:118,14,3,0
BRDA:127,15,0,0
BRDA:127,15,1,0
BRDA:130,16,0,0
BRDA:130,16,1,0
BRDA:137,17,0,0
BRDA:137,17,1,0
BRDA:140,18,0,0
BRDA:140,18,1,0
BRDA:147,19,0,0
BRDA:147,19,1,0
BRDA:148,20,0,0
BRDA:148,20,1,0
BRDA:148,20,2,0
BRDA:148,20,3,0
BRDA:148,20,4,0
BRDA:184,21,0,0
BRDA:184,21,1,0
BRDA:185,22,0,0
BRDA:185,22,1,0
BRDA:186,23,0,0
BRDA:186,23,1,0
BRDA:200,24,0,0
BRDA:221,25,0,0
BRDA:221,25,1,0
BRDA:224,26,0,0
BRDA:224,26,1,0
BRDA:225,27,0,0
BRDA:225,27,1,0
BRDA:238,28,0,0
BRDA:238,28,1,0
BRDA:250,29,0,0
BRDA:250,29,1,0
BRDA:251,30,0,0
BRDA:251,30,1,0
BRDA:265,31,0,0
BRDA:265,31,1,0
BRDA:266,32,0,0
BRDA:266,32,1,0
BRDA:281,33,0,0
BRDA:281,33,1,0
BRDA:299,34,0,0
BRDA:299,34,1,0
BRDA:311,35,0,0
BRDA:311,36,0,0
BRF:78
BRH:0
end_of_record
TN:
SF:src/sloMetrics.js
FN:78,(anonymous_0)
FN:109,(anonymous_1)
FN:333,(anonymous_2)
FN:374,(anonymous_3)
FN:407,(anonymous_4)
FN:423,(anonymous_5)
FN:468,(anonymous_6)
FN:504,(anonymous_7)
FN:523,(anonymous_8)
FN:545,(anonymous_9)
FN:562,(anonymous_10)
FNF:11
FNH:0
FNDA:0,(anonymous_0)
FNDA:0,(anonymous_1)
FNDA:0,(anonymous_2)
FNDA:0,(anonymous_3)
FNDA:0,(anonymous_4)
FNDA:0,(anonymous_5)
FNDA:0,(anonymous_6)
FNDA:0,(anonymous_7)
FNDA:0,(anonymous_8)
FNDA:0,(anonymous_9)
FNDA:0,(anonymous_10)
DA:3,0
DA:4,0
DA:12,0
DA:15,0
DA:18,0
DA:79,0
DA:80,0
DA:83,0
DA:84,0
DA:85,0
DA:86,0
DA:87,0
DA:88,0
DA:89,0
DA:90,0
DA:94,0
DA:95,0
DA:96,0
DA:97,0
DA:100,0
DA:101,0
DA:102,0
DA:104,0
DA:110,0
DA:124,0
DA:145,0
DA:161,0
DA:170,0
DA:176,0
DA:193,0
DA:208,0
DA:215,0
DA:228,0
DA:250,0
DA:264,0
DA:275,0
DA:293,0
DA:303,0
DA:310,0
DA:311,0
DA:312,0
DA:313,0
DA:334,0
DA:335,0
DA:337,0
DA:339,0
DA:340,0
DA:341,0
DA:345,0
DA:346,0
DA:347,0
DA:348,0
DA:349,0
DA:350,0
DA:354,0
DA:355,0
DA:358,0
DA:375,0
DA:377,0
DA:379,0
DA:381,0
DA:382,0
DA:383,0
DA:384,0
DA:385,0
DA:386,0
DA:389,0
DA:392,0
DA:393,0
DA:408,0
DA:409,0
DA:410,0
DA:424,0
DA:428,0
DA:436,0
DA:438,0
DA:469,0
DA:505,0
DA:524,0
DA:527,0
DA:529,0
DA:530,0
DA:532,0
DA:534,0
DA:535,0
DA:546,0
DA:548,0
DA:549,0
DA:551,0
DA:555,0
DA:563,0
DA:564,0
DA:565,0
DA:569,0
LF:94
LH:0
BRDA:78,0,0,0
BRDA:79,1,0,0
BRDA:79,1,1,0
BRDA:80,2,0,0
BRDA:80,2,1,0
BRDA:83,3,0,0
BRDA:83,3,1,0
BRDA:84,4,0,0
BRDA:84,4,1,0
BRDA:85,5,0,0
BRDA:85,5,1,0
BRDA:86,6,0,0
BRDA:86,6,1,0
BRDA:87,7,0,0
BRDA:87,7,1,0
BRDA:88,8,0,0
BRDA:88,8,1,0
BRDA:89,9,0,0
BRDA:89,9,1,0
BRDA:90,10,0,0
BRDA:90,10,1,0
BRDA:333,11,0,0
BRDA:333,12,0,0
BRDA:333,13,0,0
BRDA:339,14,0,0
BRDA:339,14,1,0
BRDA:345,15,0,0
BRDA:345,15,1,0
BRDA:347,16,0,0
BRDA:347,16,1,0
BRDA:349,17,0,0
BRDA:349,17,1,0
BRDA:375,18,0,0
BRDA:375,18,1,0
BRDA:381,19,0,0
BRDA:381,19,1,0
BRDA:383,20,0,0
BRDA:383,20,1,0
BRDA:385,21,0,0
BRDA:385,21,1,0
BRDA:409,22,0,0
BRDA:409,22,1,0
BRDA:423,23,0,0
BRDA:424,24,0,0
BRDA:424,24,1,0
BRDA:428,25,0,0
BRDA:428,25,1,0
BRDA:430,26,0,0
BRDA:430,26,1,0
BRDA:432,27,0,0
BRDA:432,27,1,0
BRDA:441,28,0,0
BRDA:441,28,1,0
BRDA:442,29,0,0
BRDA:442,29,1,0
BRDA:451,30,0,0
BRDA:451,30,1,0
BRDA:451,31,0,0
BRDA:451,31,1,0
BRDA:527,32,0,0
BRDA:527,32,1,0
BRDA:530,33,0,0
BRDA:530,33,1,0
BRDA:534,34,0,0
BRDA:534,34,1,0
BRDA:546,35,0,0
BRDA:546,35,1,0
BRDA:551,36,0,0
BRDA:551,36,1,0
BRDA:553,37,0,0
BRDA:553,37,1,0
BRF:71
BRH:0
end_of_record
TN:
SF:src/taskSnapshot.js
FN:38,(anonymous_0)
FN:69,(anonymous_1)
FN:74,(anonymous_2)
FN:99,(anonymous_3)
FN:148,(anonymous_4)
FN:164,(anonymous_5)
FN:185,(anonymous_6)
FN:199,(anonymous_7)
FN:215,(anonymous_8)
FNF:9
FNH:0
FNDA:0,(anonymous_0)
FNDA:0,(anonymous_1)
FNDA:0,(anonymous_2)
FNDA:0,(anonymous_3)
FNDA:0,(anonymous_4)
FNDA:0,(anonymous_5)
FNDA:0,(anonymous_6)
FNDA:0,(anonymous_7)
FNDA:0,(anonymous_8)
DA:3,0
DA:4,0
DA:5,0
DA:6,0
DA:8,0
DA:9,0
DA:39,0
DA:40,0
DA:41,0
DA:42,0
DA:43,0
DA:44,0
DA:47,0
DA:48,0
DA:49,0
DA:50,0
DA:51,0
DA:52,0
DA:55,0
DA:70,0
DA:74,0
DA:79,0
DA:80,0
DA:82,0
DA:83,0
DA:85,0
DA:86,0
DA:100,0
DA:103,0
DA:104,0
DA:106,0
DA:107,0
DA:111,0
DA:112,0
DA:114,0
DA:115,0
DA:118,0
DA:119,0
DA:120,0
DA:123,0
DA:125,0
DA:126,0
DA:127,0
DA:128,0
DA:131,0
DA:132,0
DA:133,0
DA:149,0
DA:150,0
DA:152,0
DA:153,0
DA:156,0
DA:165,0
DA:186,0
DA:200,0
DA:201,0
DA:202,0
DA:216,0
DA:218,0
DA:219,0
DA:227,0
LF:61
LH:0
BRDA:38,0,0,0
BRDA:39,1,0,0
BRDA:39,1,1,0
BRDA:40,2,0,0
BRDA:40,2,1,0
BRDA:42,3,0,0
BRDA:42,3,1,0
BRDA:43,4,0,0
BRDA:43,4,1,0
BRDA:44,5,0,0
BRDA:44,5,1,0
BRDA:100,6,0,0
BRDA:100,6,1,0
BRDA:118,7,0,0
BRDA:118,7,1,0
BRDA:123,8,0,0
BRDA:123,8,1,0
BRDA:125,9,0,0
BRDA:125,9,1,0
BRDA:148,10,0,0
BRDA:149,11,0,0
BRDA:149,11,1,0
BRDA:150,12,0,0
BRDA:150,12,1,0
BRDA:152,13,0,0
BRDA:152,13,1,0
BRDA:152,14,0,0
BRDA:152,14,1,0
BRDA:153,15,0,0
BRDA:153,15,1,0
BRDA:201,16,0,0
BRDA:201,16,1,0
BRF:32
BRH:0
end_of_record
