TN:
SF:src\concurrency.js
FN:14,createRateLimiter
FN:32,(anonymous_1)
FN:54,(anonymous_2)
FN:109,(anonymous_3)
FN:115,(anonymous_4)
FN:116,(anonymous_5)
FN:121,(anonymous_6)
FN:128,(anonymous_7)
FN:140,createConcurrencyLimit
FNF:9
FNH:7
FNDA:67,createRateLimiter
FNDA:63,(anonymous_1)
FNDA:126,(anonymous_2)
FNDA:63,(anonymous_3)
FNDA:63,(anonymous_4)
FNDA:63,(anonymous_5)
FNDA:60,(anonymous_6)
FNDA:0,(anonymous_7)
FNDA:0,createConcurrencyLimit
DA:22,67
DA:24,67
DA:25,67
DA:26,67
DA:27,67
DA:29,67
DA:30,67
DA:32,67
DA:33,63
DA:34,59
DA:35,59
DA:38,4
DA:39,4
DA:41,4
DA:42,4
DA:43,4
DA:44,4
DA:45,0
DA:47,4
DA:51,4
DA:54,67
DA:55,126
DA:56,54
DA:59,72
DA:60,9
DA:63,63
DA:64,63
DA:65,63
DA:66,0
DA:69,63
DA:70,0
DA:71,0
DA:72,0
DA:73,0
DA:81,0
DA:82,0
DA:85,0
DA:86,0
DA:87,0
DA:88,0
DA:92,63
DA:93,0
DA:94,0
DA:95,0
DA:99,63
DA:100,63
DA:102,63
DA:103,63
DA:106,63
DA:110,63
DA:111,63
DA:115,67
DA:116,63
DA:117,63
DA:118,63
DA:121,67
DA:122,60
DA:123,0
DA:124,0
DA:128,67
DA:134,67
DA:141,0
DA:144,2
LF:63
LH:45
BRDA:14,0,0,0
BRDA:16,1,0,0
BRDA:17,2,0,0
BRDA:19,3,0,0
BRDA:33,4,0,59
BRDA:33,4,1,4
BRDA:33,5,0,63
BRDA:33,5,1,52
BRDA:44,6,0,0
BRDA:44,6,1,4
BRDA:55,7,0,54
BRDA:55,7,1,72
BRDA:59,8,0,9
BRDA:59,8,1,63
BRDA:63,9,0,63
BRDA:63,9,1,0
BRDA:65,10,0,63
BRDA:65,10,1,24
BRDA:69,11,0,0
BRDA:69,11,1,63
BRDA:70,12,0,0
BRDA:70,12,1,0
BRDA:72,13,0,0
BRDA:72,13,1,0
BRDA:81,14,0,0
BRDA:81,14,1,0
BRDA:92,15,0,0
BRDA:92,15,1,63
BRDA:94,16,0,0
BRDA:94,16,1,0
BRDA:102,17,0,63
BRDA:102,17,1,0
BRDA:115,18,0,11
BRF:33
BRH:16
end_of_record
TN:
SF:src\fraudDetection.js
FN:21,parseInteger
FN:26,clampNonNegative
FN:30,median
FN:35,(anonymous_3)
FN:42,safeString
FN:50,(anonymous_5)
FN:56,(anonymous_6)
FN:129,(anonymous_7)
FN:138,(anonymous_8)
FN:146,(anonymous_9)
FN:154,(anonymous_10)
FN:184,(anonymous_11)
FN:197,(anonymous_12)
FN:255,(anonymous_13)
FN:259,(anonymous_14)
FN:280,(anonymous_15)
FN:304,(anonymous_16)
FN:331,(anonymous_17)
FN:352,(anonymous_18)
FN:364,(anonymous_19)
FN:370,(anonymous_20)
FN:373,(anonymous_21)
FN:376,(anonymous_22)
FN:377,(anonymous_23)
FN:378,(anonymous_24)
FN:379,(anonymous_25)
FN:379,(anonymous_26)
FN:380,(anonymous_27)
FN:380,(anonymous_28)
FN:381,(anonymous_29)
FN:381,(anonymous_30)
FN:384,(anonymous_31)
FN:388,(anonymous_32)
FN:389,(anonymous_33)
FN:393,(anonymous_34)
FN:394,(anonymous_35)
FN:411,(anonymous_36)
FN:420,(anonymous_37)
FN:421,(anonymous_38)
FN:470,(anonymous_39)
FN:497,(anonymous_40)
FN:556,(anonymous_41)
FN:581,(anonymous_42)
FN:626,(anonymous_43)
FN:663,(anonymous_44)
FNF:45
FNH:0
FNDA:0,parseInteger
FNDA:0,clampNonNegative
FNDA:0,median
FNDA:0,(anonymous_3)
FNDA:0,safeString
FNDA:0,(anonymous_5)
FNDA:0,(anonymous_6)
FNDA:0,(anonymous_7)
FNDA:0,(anonymous_8)
FNDA:0,(anonymous_9)
FNDA:0,(anonymous_10)
FNDA:0,(anonymous_11)
FNDA:0,(anonymous_12)
FNDA:0,(anonymous_13)
FNDA:0,(anonymous_14)
FNDA:0,(anonymous_15)
FNDA:0,(anonymous_16)
FNDA:0,(anonymous_17)
FNDA:0,(anonymous_18)
FNDA:0,(anonymous_19)
FNDA:0,(anonymous_20)
FNDA:0,(anonymous_21)
FNDA:0,(anonymous_22)
FNDA:0,(anonymous_23)
FNDA:0,(anonymous_24)
FNDA:0,(anonymous_25)
FNDA:0,(anonymous_26)
FNDA:0,(anonymous_27)
FNDA:0,(anonymous_28)
FNDA:0,(anonymous_29)
FNDA:0,(anonymous_30)
FNDA:0,(anonymous_31)
FNDA:0,(anonymous_32)
FNDA:0,(anonymous_33)
FNDA:0,(anonymous_34)
FNDA:0,(anonymous_35)
FNDA:0,(anonymous_36)
FNDA:0,(anonymous_37)
FNDA:0,(anonymous_38)
FNDA:0,(anonymous_39)
FNDA:0,(anonymous_40)
FNDA:0,(anonymous_41)
FNDA:0,(anonymous_42)
FNDA:0,(anonymous_43)
FNDA:0,(anonymous_44)
DA:1,0
DA:2,0
DA:4,0
DA:5,0
DA:6,0
DA:7,0
DA:8,0
DA:9,0
DA:10,0
DA:11,0
DA:12,0
DA:13,0
DA:14,0
DA:15,0
DA:16,0
DA:17,0
DA:18,0
DA:19,0
DA:22,0
DA:23,0
DA:27,0
DA:31,0
DA:32,0
DA:35,0
DA:36,0
DA:37,0
DA:43,0
DA:44,0
DA:46,0
DA:51,0
DA:53,0
DA:54,0
DA:55,0
DA:56,0
DA:58,0
DA:60,0
DA:63,0
DA:66,0
DA:69,0
DA:72,0
DA:75,0
DA:78,0
DA:81,0
DA:84,0
DA:87,0
DA:90,0
DA:93,0
DA:96,0
DA:99,0
DA:102,0
DA:105,0
DA:109,0
DA:110,0
DA:111,0
DA:112,0
DA:113,0
DA:114,0
DA:116,0
DA:130,0
DA:131,0
DA:132,0
DA:134,0
DA:139,0
DA:147,0
DA:155,0
DA:156,0
DA:158,0
DA:185,0
DA:186,0
DA:189,0
DA:190,0
DA:191,0
DA:193,0
DA:198,0
DA:199,0
DA:202,0
DA:203,0
DA:204,0
DA:205,0
DA:207,0
DA:208,0
DA:209,0
DA:211,0
DA:215,0
DA:217,0
DA:218,0
DA:221,0
DA:222,0
DA:223,0
DA:225,0
DA:231,0
DA:232,0
DA:233,0
DA:234,0
DA:236,0
DA:237,0
DA:238,0
DA:240,0
DA:244,0
DA:256,0
DA:260,0
DA:261,0
DA:262,0
DA:263,0
DA:264,0
DA:265,0
DA:268,0
DA:269,0
DA:271,0
DA:272,0
DA:273,0
DA:274,0
DA:275,0
DA:278,0
DA:279,0
DA:280,0
DA:281,0
DA:288,0
DA:290,0
DA:294,0
DA:305,0
DA:306,0
DA:309,0
DA:310,0
DA:314,0
DA:332,0
DA:333,0
DA:343,0
DA:344,0
DA:345,0
DA:349,0
DA:353,0
DA:354,0
DA:355,0
DA:356,0
DA:358,0
DA:359,0
DA:365,0
DA:366,0
DA:367,0
DA:369,0
DA:370,0
DA:372,0
DA:373,0
DA:376,0
DA:377,0
DA:378,0
DA:379,0
DA:380,0
DA:381,0
DA:382,0
DA:383,0
DA:384,0
DA:387,0
DA:388,0
DA:389,0
DA:391,0
DA:393,0
DA:394,0
DA:397,0
DA:398,0
DA:399,0
DA:401,0
DA:402,0
DA:403,0
DA:406,0
DA:407,0
DA:408,0
DA:411,0
DA:412,0
DA:416,0
DA:417,0
DA:420,0
DA:421,0
DA:422,0
DA:426,0
DA:427,0
DA:430,0
DA:434,0
DA:435,0
DA:438,0
DA:439,0
DA:440,0
DA:441,0
DA:442,0
DA:446,0
DA:447,0
DA:450,0
DA:451,0
DA:454,0
DA:471,0
DA:477,0
DA:498,0
DA:499,0
DA:500,0
DA:501,0
DA:502,0
DA:503,0
DA:505,0
DA:510,0
DA:513,0
DA:514,0
DA:515,0
DA:520,0
DA:526,0
DA:527,0
DA:531,0
DA:532,0
DA:534,0
DA:535,0
DA:536,0
DA:538,0
DA:539,0
DA:551,0
DA:552,0
DA:553,0
DA:557,0
DA:563,0
DA:564,0
DA:569,0
DA:570,0
DA:571,0
DA:573,0
DA:574,0
DA:577,0
DA:580,0
DA:581,0
DA:584,0
DA:585,0
DA:595,0
DA:596,0
DA:599,0
DA:600,0
DA:601,0
DA:603,0
DA:604,0
DA:605,0
DA:606,0
DA:611,0
DA:612,0
DA:614,0
DA:618,0
DA:620,0
DA:621,0
DA:627,0
DA:635,0
DA:636,0
DA:637,0
DA:640,0
DA:641,0
DA:642,0
DA:645,0
DA:650,0
DA:651,0
DA:659,0
DA:660,0
DA:664,0
DA:665,0
DA:668,0
DA:669,0
DA:676,0
DA:677,0
DA:682,0
LF:263
LH:0
BRDA:23,0,0,0
BRDA:23,0,1,0
BRDA:26,1,0,0
BRDA:27,2,0,0
BRDA:27,2,1,0
BRDA:27,3,0,0
BRDA:27,3,1,0
BRDA:31,4,0,0
BRDA:31,4,1,0
BRDA:37,5,0,0
BRDA:37,5,1,0
BRDA:43,6,0,0
BRDA:43,6,1,0
BRDA:43,7,0,0
BRDA:43,7,1,0
BRDA:50,8,0,0
BRDA:53,9,0,0
BRDA:53,9,1,0
BRDA:54,10,0,0
BRDA:54,10,1,0
BRDA:55,11,0,0
BRDA:55,11,1,0
BRDA:56,12,0,0
BRDA:56,12,1,0
BRDA:59,13,0,0
BRDA:59,13,1,0
BRDA:59,13,2,0
BRDA:61,14,0,0
BRDA:61,14,1,0
BRDA:64,15,0,0
BRDA:64,15,1,0
BRDA:67,16,0,0
BRDA:67,16,1,0
BRDA:70,17,0,0
BRDA:70,17,1,0
BRDA:73,18,0,0
BRDA:73,18,1,0
BRDA:74,19,0,0
BRDA:74,19,1,0
BRDA:76,20,0,0
BRDA:76,20,1,0
BRDA:79,21,0,0
BRDA:79,21,1,0
BRDA:80,22,0,0
BRDA:80,22,1,0
BRDA:82,23,0,0
BRDA:82,23,1,0
BRDA:85,24,0,0
BRDA:85,24,1,0
BRDA:88,25,0,0
BRDA:88,25,1,0
BRDA:91,26,0,0
BRDA:91,26,1,0
BRDA:94,27,0,0
BRDA:94,27,1,0
BRDA:97,28,0,0
BRDA:97,28,1,0
BRDA:100,29,0,0
BRDA:100,29,1,0
BRDA:103,30,0,0
BRDA:103,30,1,0
BRDA:106,31,0,0
BRDA:106,31,1,0
BRDA:131,32,0,0
BRDA:131,32,1,0
BRDA:132,33,0,0
BRDA:132,33,1,0
BRDA:138,34,0,0
BRDA:141,35,0,0
BRDA:141,35,1,0
BRDA:142,36,0,0
BRDA:142,36,1,0
BRDA:146,37,0,0
BRDA:149,38,0,0
BRDA:149,38,1,0
BRDA:150,39,0,0
BRDA:150,39,1,0
BRDA:185,40,0,0
BRDA:185,40,1,0
BRDA:198,41,0,0
BRDA:198,41,1,0
BRDA:208,42,0,0
BRDA:208,42,1,0
BRDA:208,43,0,0
BRDA:208,43,1,0
BRDA:217,44,0,0
BRDA:217,44,1,0
BRDA:232,45,0,0
BRDA:232,45,1,0
BRDA:237,46,0,0
BRDA:237,46,1,0
BRDA:237,47,0,0
BRDA:237,47,1,0
BRDA:242,48,0,0
BRDA:242,48,1,0
BRDA:247,49,0,0
BRDA:247,49,1,0
BRDA:264,50,0,0
BRDA:264,50,1,0
BRDA:264,51,0,0
BRDA:264,51,1,0
BRDA:271,52,0,0
BRDA:271,52,1,0
BRDA:279,53,0,0
BRDA:279,53,1,0
BRDA:279,54,0,0
BRDA:279,54,1,0
BRDA:306,55,0,0
BRDA:306,55,1,0
BRDA:306,56,0,0
BRDA:306,56,1,0
BRDA:309,57,0,0
BRDA:309,57,1,0
BRDA:310,58,0,0
BRDA:310,58,1,0
BRDA:316,59,0,0
BRDA:316,59,1,0
BRDA:317,60,0,0
BRDA:317,60,1,0
BRDA:325,61,0,0
BRDA:325,61,1,0
BRDA:325,62,0,0
BRDA:325,62,1,0
BRDA:344,63,0,0
BRDA:344,63,1,0
BRDA:344,64,0,0
BRDA:344,64,1,0
BRDA:358,65,0,0
BRDA:358,65,1,0
BRDA:378,66,0,0
BRDA:378,66,1,0
BRDA:384,67,0,0
BRDA:384,67,1,0
BRDA:401,68,0,0
BRDA:401,68,1,0
BRDA:406,69,0,0
BRDA:406,69,1,0
BRDA:412,70,0,0
BRDA:412,70,1,0
BRDA:413,71,0,0
BRDA:413,71,1,0
BRDA:422,72,0,0
BRDA:422,72,1,0
BRDA:423,73,0,0
BRDA:423,73,1,0
BRDA:430,74,0,0
BRDA:430,74,1,0
BRDA:431,75,0,0
BRDA:431,75,1,0
BRDA:438,76,0,0
BRDA:438,76,1,0
BRDA:438,77,0,0
BRDA:438,77,1,0
BRDA:440,78,0,0
BRDA:440,78,1,0
BRDA:446,79,0,0
BRDA:446,79,1,0
BRDA:446,80,0,0
BRDA:446,80,1,0
BRDA:447,81,0,0
BRDA:447,81,1,0
BRDA:447,82,0,0
BRDA:447,82,1,0
BRDA:450,83,0,0
BRDA:450,83,1,0
BRDA:457,84,0,0
BRDA:457,84,1,0
BRDA:472,85,0,0
BRDA:472,85,1,0
BRDA:478,86,0,0
BRDA:478,86,1,0
BRDA:485,87,0,0
BRDA:485,87,1,0
BRDA:500,88,0,0
BRDA:500,88,1,0
BRDA:500,89,0,0
BRDA:500,89,1,0
BRDA:502,90,0,0
BRDA:502,90,1,0
BRDA:502,91,0,0
BRDA:502,91,1,0
BRDA:513,92,0,0
BRDA:513,92,1,0
BRDA:535,93,0,0
BRDA:535,93,1,0
BRDA:535,94,0,0
BRDA:535,94,1,0
BRDA:538,95,0,0
BRDA:538,95,1,0
BRDA:538,96,0,0
BRDA:538,96,1,0
BRDA:563,97,0,0
BRDA:563,97,1,0
BRDA:570,98,0,0
BRDA:570,98,1,0
BRDA:570,99,0,0
BRDA:570,99,1,0
BRDA:577,100,0,0
BRDA:577,100,1,0
BRDA:580,101,0,0
BRDA:580,101,1,0
BRDA:592,102,0,0
BRDA:592,102,1,0
BRDA:595,103,0,0
BRDA:595,103,1,0
BRDA:600,104,0,0
BRDA:600,104,1,0
BRDA:600,105,0,0
BRDA:600,105,1,0
BRDA:616,106,0,0
BRDA:616,106,1,0
BRDA:620,107,0,0
BRDA:620,107,1,0
BRDA:626,108,0,0
BRDA:629,109,0,0
BRDA:629,109,1,0
BRDA:630,110,0,0
BRDA:630,110,1,0
BRDA:631,111,0,0
BRDA:631,111,1,0
BRDA:631,111,2,0
BRDA:632,112,0,0
BRDA:632,112,1,0
BRDA:641,113,0,0
BRDA:641,113,1,0
BRDA:641,114,0,0
BRDA:641,114,1,0
BRDA:650,115,0,0
BRDA:650,115,1,0
BRDA:650,116,0,0
BRDA:650,116,1,0
BRDA:664,117,0,0
BRDA:664,117,1,0
BRDA:668,118,0,0
BRDA:668,118,1,0
BRDA:676,119,0,0
BRDA:676,119,1,0
BRF:237
BRH:0
end_of_record
TN:
SF:src\logger.js
FN:34,normalizeLogLevel
FN:38,shouldUsePrettyTransport
FN:48,createBaseLogger
FN:60,(anonymous_3)
FN:67,(anonymous_4)
FN:72,(anonymous_5)
FN:104,getBaseLogger
FN:122,createLogger
FN:130,(anonymous_8)
FN:133,(anonymous_9)
FN:136,(anonymous_10)
FN:139,(anonymous_11)
FN:142,(anonymous_12)
FN:145,(anonymous_13)
FN:151,(anonymous_14)
FN:162,createTracedLogger
FN:164,(anonymous_16)
FN:167,(anonymous_17)
FN:170,(anonymous_18)
FN:173,(anonymous_19)
FN:176,(anonymous_20)
FN:179,(anonymous_21)
FN:183,(anonymous_22)
FN:195,createChildLogger
FN:205,reinitializeLogger
FN:214,getLogLevel
FN:222,setLogLevel
FN:226,injectW3CTraceContext
FNF:28
FNH:12
FNDA:3,normalizeLogLevel
FNDA:6,shouldUsePrettyTransport
FNDA:3,createBaseLogger
FNDA:3,(anonymous_3)
FNDA:18,(anonymous_4)
FNDA:328,(anonymous_5)
FNDA:99,getBaseLogger
FNDA:99,createLogger
FNDA:0,(anonymous_8)
FNDA:45,(anonymous_9)
FNDA:314,(anonymous_10)
FNDA:9,(anonymous_11)
FNDA:2,(anonymous_12)
FNDA:0,(anonymous_13)
FNDA:0,(anonymous_14)
FNDA:0,createTracedLogger
FNDA:0,(anonymous_16)
FNDA:0,(anonymous_17)
FNDA:0,(anonymous_18)
FNDA:0,(anonymous_19)
FNDA:0,(anonymous_20)
FNDA:0,(anonymous_21)
FNDA:0,(anonymous_22)
FNDA:0,createChildLogger
FNDA:0,reinitializeLogger
FNDA:0,getLogLevel
FNDA:0,setLogLevel
FNDA:0,injectW3CTraceContext
DA:14,3
DA:20,3
DA:32,3
DA:35,3
DA:39,6
DA:49,3
DA:61,3
DA:68,18
DA:72,328
DA:80,3
DA:81,0
DA:92,3
DA:93,3
DA:94,3
DA:98,3
DA:105,99
DA:106,3
DA:108,99
DA:123,99
DA:126,99
DA:129,99
DA:131,0
DA:134,45
DA:137,314
DA:140,9
DA:143,2
DA:146,0
DA:152,0
DA:153,0
DA:163,0
DA:165,0
DA:168,0
DA:171,0
DA:174,0
DA:177,0
DA:180,0
DA:184,0
DA:185,0
DA:196,0
DA:206,0
DA:207,0
DA:215,0
DA:223,0
DA:230,0
DA:231,0
DA:235,3
LF:46
LH:25
BRDA:35,0,0,0
BRDA:35,0,1,3
BRDA:48,1,0,3
BRDA:80,2,0,0
BRDA:80,2,1,3
BRDA:81,3,0,0
BRDA:81,3,1,0
BRDA:92,4,0,0
BRDA:92,4,1,3
BRDA:93,5,0,0
BRDA:93,5,1,3
BRDA:105,6,0,3
BRDA:105,6,1,96
BRDA:130,7,0,0
BRDA:133,8,0,0
BRDA:136,9,0,37
BRDA:139,10,0,2
BRDA:142,11,0,0
BRDA:145,12,0,0
BRDA:164,13,0,0
BRDA:167,14,0,0
BRDA:170,15,0,0
BRDA:173,16,0,0
BRDA:176,17,0,0
BRDA:179,18,0,0
BRDA:205,19,0,0
BRF:26
BRH:9
end_of_record
TN:
SF:src\poller.js
FN:12,normalizeLogger
FN:19,(anonymous_1)
FN:23,(anonymous_2)
FN:24,(anonymous_3)
FN:35,(anonymous_4)
FN:87,(anonymous_5)
FN:156,(anonymous_6)
FN:186,(anonymous_7)
FN:287,(anonymous_8)
FN:288,(anonymous_9)
FN:318,(anonymous_10)
FN:364,(anonymous_11)
FN:366,(anonymous_12)
FN:367,(anonymous_13)
FN:406,(anonymous_14)
FN:468,(anonymous_15)
FN:493,(anonymous_16)
FN:703,(anonymous_17)
FN:720,(anonymous_18)
FN:804,(anonymous_19)
FN:859,(anonymous_20)
FN:887,(anonymous_21)
FN:936,(anonymous_22)
FN:967,(anonymous_23)
FN:971,(anonymous_24)
FN:999,(anonymous_25)
FN:1021,(anonymous_26)
FN:1050,(anonymous_27)
FN:1054,(anonymous_28)
FN:1064,(anonymous_29)
FN:1075,(anonymous_30)
FN:1085,(anonymous_31)
FN:1095,(anonymous_32)
FNF:33
FNH:20
FNDA:6,normalizeLogger
FNDA:10,(anonymous_1)
FNDA:0,(anonymous_2)
FNDA:18,(anonymous_3)
FNDA:6,(anonymous_4)
FNDA:0,(anonymous_5)
FNDA:0,(anonymous_6)
FNDA:7,(anonymous_7)
FNDA:11,(anonymous_8)
FNDA:11,(anonymous_9)
FNDA:11,(anonymous_10)
FNDA:10,(anonymous_11)
FNDA:9,(anonymous_12)
FNDA:1,(anonymous_13)
FNDA:0,(anonymous_14)
FNDA:0,(anonymous_15)
FNDA:11,(anonymous_16)
FNDA:8,(anonymous_17)
FNDA:8,(anonymous_18)
FNDA:11,(anonymous_19)
FNDA:10,(anonymous_20)
FNDA:50,(anonymous_21)
FNDA:12,(anonymous_22)
FNDA:0,(anonymous_23)
FNDA:6,(anonymous_24)
FNDA:9,(anonymous_25)
FNDA:0,(anonymous_26)
FNDA:0,(anonymous_27)
FNDA:0,(anonymous_28)
FNDA:0,(anonymous_29)
FNDA:0,(anonymous_30)
FNDA:0,(anonymous_31)
FNDA:0,(anonymous_32)
DA:1,1
DA:2,1
DA:3,1
DA:4,1
DA:5,1
DA:6,1
DA:7,1
DA:8,1
DA:9,1
DA:10,1
DA:13,6
DA:14,6
DA:16,6
DA:17,36
DA:22,6
DA:23,0
DA:24,18
DA:26,6
DA:36,6
DA:37,6
DA:40,6
DA:43,6
DA:46,6
DA:47,6
DA:48,6
DA:49,6
DA:50,6
DA:51,6
DA:52,6
DA:56,6
DA:62,6
DA:66,6
DA:72,6
DA:76,6
DA:82,6
DA:88,0
DA:89,0
DA:101,6
DA:112,6
DA:123,6
DA:135,6
DA:138,6
DA:144,6
DA:150,6
DA:151,0
DA:152,6
DA:153,0
DA:156,0
DA:167,6
DA:172,6
DA:173,0
DA:175,6
DA:187,7
DA:188,7
DA:190,7
DA:191,7
DA:192,7
DA:193,7
DA:194,7
DA:195,7
DA:196,7
DA:197,7
DA:198,7
DA:201,7
DA:202,0
DA:205,7
DA:206,7
DA:208,7
DA:209,1
DA:210,1
DA:220,1
DA:223,6
DA:225,6
DA:226,6
DA:230,6
DA:233,6
DA:234,6
DA:236,6
DA:237,0
DA:238,0
DA:245,0
DA:246,0
DA:247,0
DA:249,0
DA:250,0
DA:262,6
DA:270,6
DA:271,6
DA:272,0
DA:273,0
DA:274,0
DA:280,0
DA:283,0
DA:287,6
DA:288,11
DA:289,11
DA:290,11
DA:293,11
DA:294,11
DA:295,11
DA:301,10
DA:302,10
DA:306,6
DA:309,6
DA:310,6
DA:311,6
DA:313,6
DA:314,6
DA:315,6
DA:316,6
DA:318,6
DA:319,11
DA:320,10
DA:322,10
DA:323,8
DA:328,8
DA:329,8
DA:330,8
DA:331,0
DA:333,2
DA:334,1
DA:335,1
DA:336,0
DA:339,10
DA:340,9
DA:343,10
DA:344,7
DA:345,3
DA:346,0
DA:349,10
DA:350,4
DA:351,4
DA:354,10
DA:355,1
DA:356,1
DA:357,1
DA:361,6
DA:363,6
DA:364,10
DA:366,9
DA:367,6
DA:369,6
DA:381,6
DA:383,6
DA:384,6
DA:385,0
DA:386,0
DA:387,0
DA:393,0
DA:404,6
DA:406,0
DA:407,0
DA:408,0
DA:416,0
DA:424,6
DA:426,6
DA:427,0
DA:430,0
DA:431,0
DA:434,0
DA:435,0
DA:442,6
DA:445,0
DA:446,0
DA:447,0
DA:448,0
DA:452,0
DA:453,0
DA:456,0
DA:457,0
DA:464,0
DA:469,0
DA:473,0
DA:474,0
DA:477,0
DA:494,11
DA:495,11
DA:499,11
DA:501,11
DA:502,11
DA:505,11
DA:506,0
DA:507,0
DA:508,0
DA:509,0
DA:514,11
DA:515,11
DA:516,11
DA:517,0
DA:518,0
DA:523,11
DA:526,0
DA:527,0
DA:528,0
DA:529,0
DA:530,0
DA:531,0
DA:537,11
DA:538,11
DA:539,10
DA:542,10
DA:543,10
DA:544,10
DA:545,0
DA:550,10
DA:551,10
DA:554,10
DA:555,0
DA:556,0
DA:557,0
DA:558,0
DA:562,10
DA:563,0
DA:567,10
DA:568,10
DA:569,0
DA:570,0
DA:574,10
DA:575,1
DA:576,1
DA:577,0
DA:578,0
DA:582,9
DA:583,9
DA:584,9
DA:585,0
DA:588,9
DA:589,9
DA:590,9
DA:592,9
DA:593,9
DA:594,9
DA:596,9
DA:599,9
DA:601,9
DA:602,8
DA:603,8
DA:605,8
DA:606,0
DA:616,8
DA:628,1
DA:629,0
DA:630,0
DA:641,9
DA:642,0
DA:652,9
DA:653,0
DA:662,9
DA:663,9
DA:664,8
DA:665,8
DA:666,0
DA:667,0
DA:671,0
DA:672,0
DA:681,9
DA:698,1
DA:699,1
DA:704,8
DA:705,8
DA:706,8
DA:709,0
DA:710,0
DA:713,0
DA:714,0
DA:717,0
DA:721,8
DA:722,8
DA:723,8
DA:726,0
DA:728,0
DA:729,0
DA:733,0
DA:736,0
DA:737,0
DA:745,0
DA:746,0
DA:753,0
DA:760,0
DA:770,0
DA:777,0
DA:778,0
DA:787,0
DA:805,11
DA:806,11
DA:809,11
DA:815,11
DA:820,11
DA:828,11
DA:830,10
DA:831,0
DA:834,10
DA:836,10
DA:837,0
DA:841,10
DA:842,10
DA:846,1
DA:847,0
DA:849,1
DA:860,10
DA:862,10
DA:863,0
DA:867,10
DA:868,10
DA:869,10
DA:870,10
DA:871,0
DA:874,10
DA:878,10
DA:879,0
DA:880,0
DA:883,10
DA:884,10
DA:887,10
DA:888,50
DA:889,50
DA:891,50
DA:893,10
DA:894,10
DA:896,10
DA:897,10
DA:899,10
DA:900,10
DA:902,0
DA:903,0
DA:905,10
DA:906,10
DA:908,10
DA:909,10
DA:911,0
DA:912,0
DA:914,0
DA:915,0
DA:917,0
DA:918,0
DA:922,10
DA:925,0
DA:926,0
DA:937,12
DA:938,12
DA:939,12
DA:968,0
DA:972,6
DA:980,6
DA:981,30
DA:982,0
DA:984,30
DA:985,0
DA:986,0
DA:987,0
DA:989,0
DA:990,0
DA:991,0
DA:996,6
DA:1000,9
DA:1001,2
DA:1003,7
DA:1004,0
DA:1006,7
DA:1007,7
DA:1009,0
DA:1022,0
DA:1023,0
DA:1026,0
DA:1027,0
DA:1029,0
DA:1030,0
DA:1038,0
DA:1040,0
DA:1041,0
DA:1051,0
DA:1055,0
DA:1065,0
DA:1076,0
DA:1077,0
DA:1086,0
DA:1096,0
DA:1097,0
DA:1098,0
DA:1100,0
DA:1105,1
LF:381
LH:235
BRDA:13,0,0,6
BRDA:13,0,1,0
BRDA:17,1,0,18
BRDA:17,1,1,18
BRDA:22,2,0,0
BRDA:22,2,1,6
BRDA:35,3,0,0
BRDA:43,4,0,0
BRDA:43,4,1,6
BRDA:47,5,0,6
BRDA:47,5,1,6
BRDA:48,6,0,6
BRDA:48,6,1,6
BRDA:49,7,0,6
BRDA:49,7,1,6
BRDA:50,8,0,6
BRDA:50,8,1,6
BRDA:50,8,2,6
BRDA:51,9,0,6
BRDA:51,9,1,6
BRDA:53,10,0,6
BRDA:53,10,1,6
BRDA:53,10,2,6
BRDA:57,11,0,6
BRDA:57,11,1,6
BRDA:57,11,2,6
BRDA:63,12,0,6
BRDA:63,12,1,4
BRDA:63,12,2,4
BRDA:67,13,0,6
BRDA:67,13,1,6
BRDA:67,13,2,6
BRDA:73,14,0,0
BRDA:73,14,1,6
BRDA:73,15,0,6
BRDA:73,15,1,6
BRDA:77,16,0,0
BRDA:77,16,1,6
BRDA:77,17,0,6
BRDA:77,17,1,6
BRDA:88,18,0,0
BRDA:88,18,1,0
BRDA:101,19,0,6
BRDA:101,19,1,6
BRDA:102,20,0,6
BRDA:102,20,1,6
BRDA:103,21,0,0
BRDA:103,21,1,6
BRDA:105,22,0,6
BRDA:105,22,1,6
BRDA:105,22,2,6
BRDA:139,23,0,6
BRDA:139,23,1,6
BRDA:140,24,0,6
BRDA:140,24,1,6
BRDA:150,25,0,0
BRDA:150,25,1,6
BRDA:152,26,0,0
BRDA:152,26,1,6
BRDA:152,27,0,6
BRDA:152,27,1,6
BRDA:158,28,0,0
BRDA:158,28,1,0
BRDA:158,28,2,0
BRDA:159,29,0,0
BRDA:159,29,1,0
BRDA:159,29,2,0
BRDA:160,30,0,0
BRDA:160,30,1,0
BRDA:160,30,2,0
BRDA:161,31,0,0
BRDA:161,31,1,0
BRDA:161,31,2,0
BRDA:172,32,0,0
BRDA:172,32,1,6
BRDA:186,33,0,7
BRDA:201,34,0,0
BRDA:201,34,1,7
BRDA:208,35,0,1
BRDA:208,35,1,6
BRDA:208,36,0,7
BRDA:208,36,1,7
BRDA:236,37,0,0
BRDA:236,37,1,6
BRDA:237,38,0,0
BRDA:237,38,1,0
BRDA:237,38,2,0
BRDA:241,39,0,0
BRDA:241,39,1,0
BRDA:242,40,0,0
BRDA:242,40,1,0
BRDA:249,41,0,0
BRDA:249,41,1,0
BRDA:262,42,0,6
BRDA:262,42,1,6
BRDA:262,42,2,6
BRDA:271,43,0,0
BRDA:271,43,1,6
BRDA:271,44,0,6
BRDA:271,44,1,0
BRDA:281,45,0,0
BRDA:281,45,1,0
BRDA:294,46,0,0
BRDA:294,46,1,11
BRDA:311,47,0,6
BRDA:319,48,0,10
BRDA:319,48,1,1
BRDA:322,49,0,8
BRDA:322,49,1,2
BRDA:324,50,0,0
BRDA:324,50,1,8
BRDA:330,51,0,0
BRDA:330,51,1,8
BRDA:333,52,0,1
BRDA:333,52,1,1
BRDA:335,53,0,0
BRDA:335,53,1,1
BRDA:339,54,0,9
BRDA:339,54,1,1
BRDA:343,55,0,7
BRDA:343,55,1,3
BRDA:345,56,0,0
BRDA:345,56,1,3
BRDA:349,57,0,4
BRDA:349,57,1,6
BRDA:349,58,0,10
BRDA:349,58,1,3
BRDA:355,59,0,1
BRDA:355,59,1,0
BRDA:357,60,0,1
BRDA:357,60,1,0
BRDA:363,61,0,6
BRDA:363,61,1,0
BRDA:374,62,0,1
BRDA:374,62,1,5
BRDA:384,63,0,0
BRDA:384,63,1,6
BRDA:385,64,0,0
BRDA:385,64,1,0
BRDA:391,65,0,0
BRDA:391,65,1,0
BRDA:398,66,0,0
BRDA:398,66,1,0
BRDA:398,67,0,0
BRDA:398,67,1,0
BRDA:404,68,0,0
BRDA:404,68,1,6
BRDA:407,69,0,0
BRDA:407,69,1,0
BRDA:407,70,0,0
BRDA:407,70,1,0
BRDA:426,71,0,0
BRDA:426,71,1,6
BRDA:426,72,0,6
BRDA:426,72,1,0
BRDA:431,73,0,0
BRDA:431,73,1,0
BRDA:431,74,0,0
BRDA:431,74,1,0
BRDA:434,75,0,0
BRDA:434,75,1,0
BRDA:434,76,0,0
BRDA:434,76,1,0
BRDA:447,77,0,0
BRDA:447,77,1,0
BRDA:452,78,0,0
BRDA:452,78,1,0
BRDA:456,79,0,0
BRDA:456,79,1,0
BRDA:473,80,0,0
BRDA:473,80,1,0
BRDA:493,81,0,0
BRDA:495,82,0,11
BRDA:495,82,1,0
BRDA:505,83,0,0
BRDA:505,83,1,11
BRDA:507,84,0,0
BRDA:507,84,1,0
BRDA:514,85,0,11
BRDA:514,85,1,0
BRDA:516,86,0,0
BRDA:516,86,1,11
BRDA:523,87,0,0
BRDA:523,87,1,11
BRDA:523,88,0,11
BRDA:523,88,1,11
BRDA:526,89,0,0
BRDA:526,89,1,0
BRDA:527,90,0,0
BRDA:527,90,1,0
BRDA:530,91,0,0
BRDA:530,91,1,0
BRDA:537,92,0,11
BRDA:537,92,1,0
BRDA:542,93,0,10
BRDA:542,93,1,0
BRDA:544,94,0,0
BRDA:544,94,1,10
BRDA:550,95,0,10
BRDA:550,95,1,0
BRDA:554,96,0,0
BRDA:554,96,1,10
BRDA:562,97,0,0
BRDA:562,97,1,10
BRDA:563,98,0,0
BRDA:563,98,1,0
BRDA:567,99,0,10
BRDA:567,99,1,10
BRDA:568,100,0,0
BRDA:568,100,1,10
BRDA:574,101,0,1
BRDA:574,101,1,9
BRDA:584,102,0,0
BRDA:584,102,1,9
BRDA:596,103,0,9
BRDA:596,103,1,0
BRDA:601,104,0,8
BRDA:601,104,1,1
BRDA:605,105,0,0
BRDA:605,105,1,8
BRDA:628,106,0,0
BRDA:628,106,1,1
BRDA:641,107,0,0
BRDA:641,107,1,9
BRDA:641,108,0,9
BRDA:641,108,1,7
BRDA:652,109,0,0
BRDA:652,109,1,9
BRDA:658,110,0,0
BRDA:658,110,1,0
BRDA:663,111,0,8
BRDA:663,111,1,1
BRDA:665,112,0,0
BRDA:665,112,1,8
BRDA:665,113,0,8
BRDA:665,113,1,0
BRDA:667,114,0,0
BRDA:667,114,1,0
BRDA:671,115,0,0
BRDA:671,115,1,0
BRDA:675,116,0,0
BRDA:675,116,1,0
BRDA:685,117,0,8
BRDA:685,117,1,1
BRDA:688,118,0,9
BRDA:688,118,1,0
BRDA:704,119,0,8
BRDA:704,119,1,8
BRDA:705,120,0,8
BRDA:705,120,1,0
BRDA:709,121,0,0
BRDA:709,121,1,0
BRDA:710,122,0,0
BRDA:710,122,1,0
BRDA:713,123,0,0
BRDA:713,123,1,0
BRDA:714,124,0,0
BRDA:714,124,1,0
BRDA:714,124,2,0
BRDA:714,124,3,0
BRDA:720,125,0,0
BRDA:722,126,0,8
BRDA:722,126,1,0
BRDA:726,127,0,0
BRDA:726,127,1,0
BRDA:728,128,0,0
BRDA:728,128,1,0
BRDA:745,129,0,0
BRDA:745,129,1,0
BRDA:749,130,0,0
BRDA:749,130,1,0
BRDA:763,131,0,0
BRDA:763,131,1,0
BRDA:764,132,0,0
BRDA:764,132,1,0
BRDA:765,133,0,0
BRDA:765,133,1,0
BRDA:773,134,0,0
BRDA:773,134,1,0
BRDA:777,135,0,0
BRDA:777,135,1,0
BRDA:783,136,0,0
BRDA:783,136,1,0
BRDA:792,137,0,0
BRDA:792,137,1,0
BRDA:822,138,0,11
BRDA:822,138,1,11
BRDA:830,139,0,0
BRDA:830,139,1,10
BRDA:830,140,0,10
BRDA:830,140,1,10
BRDA:836,141,0,0
BRDA:836,141,1,10
BRDA:846,142,0,0
BRDA:846,142,1,1
BRDA:846,143,0,1
BRDA:846,143,1,1
BRDA:862,144,0,0
BRDA:862,144,1,10
BRDA:868,145,0,10
BRDA:868,145,1,0
BRDA:870,146,0,0
BRDA:870,146,1,10
BRDA:878,147,0,0
BRDA:878,147,1,10
BRDA:891,148,0,10
BRDA:891,148,1,10
BRDA:891,148,2,10
BRDA:891,148,3,0
BRDA:891,148,4,10
BRDA:891,148,5,10
BRDA:891,148,6,0
BRDA:891,148,7,0
BRDA:891,148,8,0
BRDA:937,149,0,12
BRDA:937,149,1,6
BRDA:938,150,0,0
BRDA:938,150,1,12
BRDA:949,151,0,12
BRDA:949,151,1,0
BRDA:968,152,0,0
BRDA:968,152,1,0
BRDA:971,153,0,0
BRDA:981,154,0,0
BRDA:981,154,1,30
BRDA:981,155,0,30
BRDA:981,155,1,0
BRDA:984,156,0,0
BRDA:984,156,1,30
BRDA:984,157,0,30
BRDA:984,157,1,0
BRDA:986,158,0,0
BRDA:986,158,1,0
BRDA:990,159,0,0
BRDA:990,159,1,0
BRDA:996,160,0,6
BRDA:996,160,1,0
BRDA:1000,161,0,2
BRDA:1000,161,1,7
BRDA:1000,162,0,9
BRDA:1000,162,1,9
BRDA:1003,163,0,0
BRDA:1003,163,1,7
BRDA:1006,164,0,7
BRDA:1006,164,1,0
BRDA:1022,165,0,0
BRDA:1022,165,1,0
BRDA:1029,166,0,0
BRDA:1029,166,1,0
BRDA:1029,167,0,0
BRDA:1029,167,1,0
BRDA:1076,168,0,0
BRDA:1076,168,1,0
BRDA:1096,169,0,0
BRDA:1096,169,1,0
BRF:355
BRH:164
end_of_record
TN:
SF:src\queue.js
FN:26,(anonymous_0)
FN:45,(anonymous_1)
FN:59,(anonymous_2)
FN:91,(anonymous_3)
FN:97,(anonymous_4)
FN:120,(anonymous_5)
FN:125,(anonymous_6)
FN:127,(anonymous_7)
FN:131,(anonymous_8)
FN:145,(anonymous_9)
FN:153,(anonymous_10)
FN:172,(anonymous_11)
FN:184,(anonymous_12)
FN:205,(anonymous_13)
FN:207,(anonymous_14)
FN:208,(anonymous_15)
FN:234,(anonymous_16)
FN:251,(anonymous_17)
FN:261,(anonymous_18)
FN:278,normalizePriority
FN:295,getMicrosecondTimestamp
FN:299,defaultTaskComparator
FN:315,buildTaskItem
FN:344,(anonymous_23)
FN:384,(anonymous_24)
FN:406,(anonymous_25)
FN:414,(anonymous_26)
FN:421,(anonymous_27)
FN:425,(anonymous_28)
FN:437,(anonymous_29)
FN:444,(anonymous_30)
FN:453,(anonymous_31)
FN:463,(anonymous_32)
FN:464,(anonymous_33)
FN:476,(anonymous_34)
FN:494,(anonymous_35)
FN:498,(anonymous_36)
FN:508,(anonymous_37)
FN:511,(anonymous_38)
FN:512,(anonymous_39)
FN:694,(anonymous_40)
FN:709,(anonymous_41)
FN:710,(anonymous_42)
FN:719,(anonymous_43)
FN:720,(anonymous_44)
FN:729,(anonymous_45)
FN:730,(anonymous_46)
FN:873,(anonymous_47)
FN:880,(anonymous_48)
FN:888,(anonymous_49)
FN:892,(anonymous_50)
FN:897,(anonymous_51)
FN:915,(anonymous_52)
FN:920,(anonymous_53)
FN:925,(anonymous_54)
FN:926,(anonymous_55)
FN:934,(anonymous_56)
FN:958,(anonymous_57)
FN:970,(anonymous_58)
FN:986,(anonymous_59)
FNF:60
FNH:49
FNDA:61,(anonymous_0)
FNDA:0,(anonymous_1)
FNDA:1,(anonymous_2)
FNDA:28,(anonymous_3)
FNDA:0,(anonymous_4)
FNDA:0,(anonymous_5)
FNDA:0,(anonymous_6)
FNDA:0,(anonymous_7)
FNDA:0,(anonymous_8)
FNDA:0,(anonymous_9)
FNDA:2,(anonymous_10)
FNDA:61,(anonymous_11)
FNDA:50,(anonymous_12)
FNDA:29,(anonymous_13)
FNDA:50,(anonymous_14)
FNDA:50,(anonymous_15)
FNDA:50,(anonymous_16)
FNDA:50,(anonymous_17)
FNDA:29,(anonymous_18)
FNDA:10,normalizePriority
FNDA:60,getMicrosecondTimestamp
FNDA:4,defaultTaskComparator
FNDA:53,buildTaskItem
FNDA:61,(anonymous_23)
FNDA:0,(anonymous_24)
FNDA:1,(anonymous_25)
FNDA:1,(anonymous_26)
FNDA:2,(anonymous_27)
FNDA:60,(anonymous_28)
FNDA:46,(anonymous_29)
FNDA:52,(anonymous_30)
FNDA:30,(anonymous_31)
FNDA:53,(anonymous_32)
FNDA:28,(anonymous_33)
FNDA:50,(anonymous_34)
FNDA:50,(anonymous_35)
FNDA:50,(anonymous_36)
FNDA:45,(anonymous_37)
FNDA:45,(anonymous_38)
FNDA:45,(anonymous_39)
FNDA:7,(anonymous_40)
FNDA:7,(anonymous_41)
FNDA:7,(anonymous_42)
FNDA:7,(anonymous_43)
FNDA:1,(anonymous_44)
FNDA:7,(anonymous_45)
FNDA:7,(anonymous_46)
FNDA:7,(anonymous_47)
FNDA:82,(anonymous_48)
FNDA:58,(anonymous_49)
FNDA:60,(anonymous_50)
FNDA:60,(anonymous_51)
FNDA:60,(anonymous_52)
FNDA:0,(anonymous_53)
FNDA:60,(anonymous_54)
FNDA:0,(anonymous_55)
FNDA:60,(anonymous_56)
FNDA:0,(anonymous_57)
FNDA:2,(anonymous_58)
FNDA:1,(anonymous_59)
DA:1,2
DA:2,2
DA:3,2
DA:4,2
DA:5,2
DA:27,61
DA:28,61
DA:29,61
DA:30,61
DA:31,61
DA:33,61
DA:34,61
DA:35,61
DA:36,61
DA:47,0
DA:48,0
DA:49,0
DA:50,0
DA:51,0
DA:53,0
DA:60,1
DA:61,0
DA:62,0
DA:63,0
DA:68,0
DA:73,0
DA:74,0
DA:75,0
DA:76,0
DA:77,0
DA:80,0
DA:81,0
DA:92,28
DA:93,28
DA:94,28
DA:96,0
DA:97,0
DA:106,0
DA:108,0
DA:109,0
DA:121,0
DA:122,0
DA:123,0
DA:125,0
DA:126,0
DA:127,0
DA:128,0
DA:130,0
DA:132,0
DA:133,0
DA:134,0
DA:135,0
DA:136,0
DA:137,0
DA:142,0
DA:143,0
DA:146,0
DA:147,0
DA:154,2
DA:155,2
DA:156,2
DA:174,61
DA:176,61
DA:185,50
DA:186,50
DA:187,50
DA:188,50
DA:189,0
DA:190,0
DA:191,0
DA:192,0
DA:206,29
DA:207,50
DA:208,50
DA:210,29
DA:211,1
DA:215,28
DA:216,28
DA:218,28
DA:219,50
DA:220,50
DA:223,28
DA:224,50
DA:225,50
DA:226,0
DA:227,0
DA:228,0
DA:233,28
DA:234,50
DA:236,28
DA:237,28
DA:238,28
DA:239,28
DA:240,50
DA:241,0
DA:242,0
DA:243,0
DA:246,28
DA:251,50
DA:252,28
DA:255,28
DA:257,28
DA:262,29
DA:263,29
DA:268,2
DA:269,2
DA:270,2
DA:271,2
DA:279,10
DA:280,10
DA:281,10
DA:282,10
DA:284,0
DA:285,0
DA:288,0
DA:289,0
DA:292,0
DA:296,60
DA:300,4
DA:301,1
DA:304,3
DA:305,0
DA:308,3
DA:309,3
DA:312,0
DA:316,53
DA:317,3
DA:330,50
DA:345,61
DA:348,61
DA:349,61
DA:351,61
DA:352,61
DA:354,61
DA:355,61
DA:360,61
DA:369,61
DA:371,61
DA:376,61
DA:377,61
DA:379,61
DA:385,0
DA:386,0
DA:392,61
DA:394,61
DA:395,61
DA:396,61
DA:397,61
DA:399,61
DA:400,61
DA:401,61
DA:402,61
DA:403,61
DA:407,1
DA:408,1
DA:411,1
DA:415,1
DA:416,0
DA:419,1
DA:420,1
DA:421,2
DA:422,1
DA:426,60
DA:427,1
DA:430,59
DA:431,59
DA:434,0
DA:438,46
DA:439,5
DA:440,5
DA:445,52
DA:454,30
DA:455,1
DA:458,1
DA:461,29
DA:463,53
DA:464,28
DA:466,29
DA:468,29
DA:469,4
DA:475,29
DA:476,50
DA:488,29
DA:489,29
DA:490,50
DA:491,50
DA:492,50
DA:494,50
DA:495,29
DA:498,50
DA:500,29
DA:501,29
DA:504,29
DA:505,28
DA:507,27
DA:508,45
DA:511,27
DA:512,45
DA:513,45
DA:514,0
DA:517,45
DA:518,45
DA:519,45
DA:520,45
DA:522,45
DA:523,2
DA:524,2
DA:526,2
DA:527,1
DA:528,0
DA:530,1
DA:535,1
DA:539,44
DA:540,44
DA:542,44
DA:543,44
DA:545,44
DA:548,44
DA:549,0
DA:552,44
DA:553,44
DA:554,44
DA:555,44
DA:556,44
DA:557,0
DA:558,0
DA:559,0
DA:561,44
DA:564,44
DA:566,38
DA:568,38
DA:569,38
DA:571,38
DA:573,38
DA:574,4
DA:577,4
DA:578,4
DA:579,0
DA:580,0
DA:581,0
DA:590,4
DA:593,34
DA:596,38
DA:597,1
DA:602,38
DA:604,6
DA:605,6
DA:607,6
DA:610,6
DA:612,6
DA:613,6
DA:614,6
DA:622,6
DA:623,1
DA:624,1
DA:625,0
DA:626,0
DA:628,1
DA:632,6
DA:633,0
DA:636,6
DA:637,0
DA:643,6
DA:645,44
DA:646,44
DA:647,44
DA:648,44
DA:650,0
DA:653,44
DA:658,27
DA:659,27
DA:661,27
DA:662,27
DA:664,0
DA:670,29
DA:672,29
DA:674,29
DA:675,29
DA:676,4
DA:679,29
DA:686,29
DA:687,29
DA:688,29
DA:689,29
DA:690,29
DA:695,7
DA:696,0
DA:699,0
DA:702,7
DA:703,1
DA:706,6
DA:708,6
DA:709,7
DA:710,7
DA:719,7
DA:720,1
DA:722,6
DA:724,6
DA:725,0
DA:728,6
DA:729,6
DA:730,7
DA:731,7
DA:732,0
DA:735,7
DA:736,7
DA:737,7
DA:738,7
DA:740,7
DA:741,7
DA:743,7
DA:744,0
DA:745,0
DA:747,0
DA:748,0
DA:749,0
DA:751,0
DA:755,0
DA:759,7
DA:760,7
DA:762,7
DA:764,7
DA:767,7
DA:768,0
DA:771,7
DA:772,7
DA:773,7
DA:774,7
DA:775,7
DA:776,0
DA:777,0
DA:778,0
DA:780,7
DA:783,7
DA:785,5
DA:787,5
DA:788,5
DA:790,5
DA:792,5
DA:793,0
DA:794,0
DA:795,0
DA:797,0
DA:798,0
DA:799,0
DA:800,0
DA:801,0
DA:809,0
DA:811,5
DA:814,5
DA:816,2
DA:817,2
DA:819,2
DA:820,2
DA:821,2
DA:823,2
DA:825,2
DA:826,0
DA:827,0
DA:828,0
DA:831,2
DA:832,1
DA:835,2
DA:837,7
DA:838,7
DA:839,7
DA:840,7
DA:842,0
DA:845,7
DA:846,7
DA:851,6
DA:853,6
DA:854,6
DA:856,0
DA:860,6
DA:861,6
DA:862,0
DA:865,6
DA:872,6
DA:873,7
DA:875,6
DA:876,6
DA:881,82
DA:882,39
DA:883,39
DA:885,43
DA:889,58
DA:893,60
DA:897,60
DA:899,60
DA:900,60
DA:902,60
DA:908,60
DA:909,60
DA:910,60
DA:912,60
DA:914,60
DA:916,60
DA:917,2
DA:919,60
DA:920,0
DA:921,0
DA:923,60
DA:926,60
DA:927,0
DA:931,0
DA:934,60
DA:938,60
DA:939,60
DA:948,60
DA:949,60
DA:951,0
DA:954,60
DA:955,60
DA:959,0
DA:971,2
DA:972,2
DA:974,2
DA:976,2
DA:977,2
DA:981,2
DA:983,2
DA:987,1
DA:993,2
LF:424
LH:312
BRDA:26,0,0,0
BRDA:27,1,0,61
BRDA:27,1,1,0
BRDA:28,2,0,61
BRDA:28,2,1,61
BRDA:28,2,2,61
BRDA:29,3,0,61
BRDA:29,3,1,61
BRDA:29,3,2,61
BRDA:30,4,0,61
BRDA:30,4,1,61
BRDA:30,4,2,61
BRDA:60,5,0,1
BRDA:60,5,1,0
BRDA:92,6,0,28
BRDA:92,6,1,0
BRDA:102,7,0,0
BRDA:102,7,1,0
BRDA:103,8,0,0
BRDA:103,8,1,0
BRDA:120,9,0,0
BRDA:121,10,0,0
BRDA:121,10,1,0
BRDA:133,11,0,0
BRDA:133,11,1,0
BRDA:155,12,0,0
BRDA:155,12,1,2
BRDA:156,13,0,0
BRDA:156,13,1,2
BRDA:184,14,0,0
BRDA:187,15,0,50
BRDA:187,15,1,0
BRDA:192,16,0,0
BRDA:192,16,1,0
BRDA:210,17,0,1
BRDA:210,17,1,28
BRDA:211,18,0,0
BRDA:211,18,1,1
BRDA:224,19,0,50
BRDA:224,19,1,0
BRDA:226,20,0,0
BRDA:226,20,1,0
BRDA:227,21,0,0
BRDA:227,21,1,0
BRDA:240,22,0,50
BRDA:240,22,1,0
BRDA:241,23,0,0
BRDA:241,23,1,0
BRDA:243,24,0,0
BRDA:243,24,1,0
BRDA:251,25,0,50
BRDA:251,25,1,50
BRDA:252,26,0,0
BRDA:252,26,1,28
BRDA:255,27,0,0
BRDA:255,27,1,28
BRDA:279,28,0,10
BRDA:279,28,1,0
BRDA:281,29,0,10
BRDA:281,29,1,0
BRDA:285,30,0,0
BRDA:285,30,1,0
BRDA:288,31,0,0
BRDA:288,31,1,0
BRDA:288,32,0,0
BRDA:288,32,1,0
BRDA:300,33,0,1
BRDA:300,33,1,3
BRDA:304,34,0,0
BRDA:304,34,1,3
BRDA:308,35,0,3
BRDA:308,35,1,0
BRDA:309,36,0,0
BRDA:309,36,1,3
BRDA:316,37,0,3
BRDA:316,37,1,50
BRDA:316,38,0,53
BRDA:316,38,1,3
BRDA:319,39,0,3
BRDA:319,39,1,3
BRDA:321,40,0,0
BRDA:321,40,1,3
BRDA:323,41,0,3
BRDA:323,41,1,3
BRDA:324,42,0,3
BRDA:324,42,1,3
BRDA:344,43,0,8
BRDA:344,44,0,61
BRDA:348,45,0,61
BRDA:348,45,1,61
BRDA:349,46,0,51
BRDA:349,46,1,10
BRDA:351,47,0,61
BRDA:351,47,1,61
BRDA:354,48,0,61
BRDA:354,48,1,59
BRDA:355,49,0,51
BRDA:355,49,1,10
BRDA:355,50,0,10
BRDA:355,50,1,10
BRDA:360,51,0,61
BRDA:360,51,1,61
BRDA:369,52,0,61
BRDA:369,52,1,61
BRDA:372,53,0,61
BRDA:372,53,1,2
BRDA:372,53,2,1
BRDA:376,54,0,61
BRDA:376,54,1,61
BRDA:376,54,2,61
BRDA:385,55,0,0
BRDA:385,55,1,0
BRDA:389,56,0,61
BRDA:389,56,1,61
BRDA:407,57,0,1
BRDA:407,57,1,0
BRDA:407,58,0,1
BRDA:407,58,1,1
BRDA:414,59,0,0
BRDA:414,60,0,0
BRDA:414,60,1,0
BRDA:415,61,0,0
BRDA:415,61,1,1
BRDA:415,62,0,1
BRDA:415,62,1,1
BRDA:426,63,0,1
BRDA:426,63,1,59
BRDA:426,64,0,60
BRDA:426,64,1,60
BRDA:430,65,0,59
BRDA:430,65,1,0
BRDA:430,66,0,59
BRDA:430,66,1,59
BRDA:438,67,0,5
BRDA:438,67,1,41
BRDA:453,68,0,29
BRDA:454,69,0,1
BRDA:454,69,1,29
BRDA:456,70,0,1
BRDA:456,70,1,0
BRDA:461,71,0,29
BRDA:461,71,1,0
BRDA:463,72,0,53
BRDA:463,72,1,53
BRDA:468,73,0,4
BRDA:468,73,1,25
BRDA:475,74,0,28
BRDA:475,74,1,1
BRDA:491,75,0,0
BRDA:491,75,1,50
BRDA:491,76,0,50
BRDA:491,76,1,1
BRDA:505,77,0,1
BRDA:505,77,1,27
BRDA:513,78,0,0
BRDA:513,78,1,45
BRDA:518,79,0,45
BRDA:518,79,1,0
BRDA:522,80,0,2
BRDA:522,80,1,43
BRDA:526,81,0,1
BRDA:526,81,1,1
BRDA:527,82,0,0
BRDA:527,82,1,1
BRDA:543,83,0,1
BRDA:543,83,1,43
BRDA:545,84,0,44
BRDA:545,84,1,43
BRDA:548,85,0,0
BRDA:548,85,1,44
BRDA:553,86,0,44
BRDA:553,86,1,0
BRDA:554,87,0,44
BRDA:554,87,1,44
BRDA:556,88,0,0
BRDA:556,88,1,44
BRDA:568,89,0,38
BRDA:568,89,1,0
BRDA:568,90,0,38
BRDA:568,90,1,38
BRDA:573,91,0,4
BRDA:573,91,1,34
BRDA:578,92,0,0
BRDA:578,92,1,4
BRDA:578,93,0,4
BRDA:578,93,1,0
BRDA:579,94,0,0
BRDA:579,94,1,0
BRDA:579,95,0,0
BRDA:579,95,1,0
BRDA:580,96,0,0
BRDA:580,96,1,0
BRDA:596,97,0,1
BRDA:596,97,1,37
BRDA:607,98,0,6
BRDA:607,98,1,0
BRDA:607,99,0,6
BRDA:607,99,1,6
BRDA:610,100,0,6
BRDA:610,100,1,6
BRDA:613,101,0,6
BRDA:613,101,1,0
BRDA:613,102,0,6
BRDA:613,102,1,6
BRDA:622,103,0,1
BRDA:622,103,1,5
BRDA:624,104,0,0
BRDA:624,104,1,1
BRDA:624,105,0,1
BRDA:624,105,1,1
BRDA:624,105,2,1
BRDA:632,106,0,0
BRDA:632,106,1,6
BRDA:632,107,0,6
BRDA:632,107,1,6
BRDA:636,108,0,0
BRDA:636,108,1,6
BRDA:639,109,0,0
BRDA:639,109,1,0
BRDA:645,110,0,44
BRDA:645,110,1,0
BRDA:675,111,0,4
BRDA:675,111,1,25
BRDA:675,112,0,29
BRDA:675,112,1,4
BRDA:694,113,0,7
BRDA:695,114,0,0
BRDA:695,114,1,7
BRDA:697,115,0,0
BRDA:697,115,1,0
BRDA:702,116,0,1
BRDA:702,116,1,6
BRDA:702,117,0,7
BRDA:702,117,1,7
BRDA:709,118,0,7
BRDA:709,118,1,7
BRDA:712,119,0,7
BRDA:712,119,1,7
BRDA:713,120,0,7
BRDA:713,120,1,7
BRDA:714,121,0,7
BRDA:714,121,1,0
BRDA:724,122,0,0
BRDA:724,122,1,6
BRDA:731,123,0,0
BRDA:731,123,1,7
BRDA:736,124,0,7
BRDA:736,124,1,0
BRDA:743,125,0,0
BRDA:743,125,1,7
BRDA:747,126,0,0
BRDA:747,126,1,0
BRDA:748,127,0,0
BRDA:748,127,1,0
BRDA:764,128,0,7
BRDA:764,128,1,7
BRDA:767,129,0,0
BRDA:767,129,1,7
BRDA:772,130,0,7
BRDA:772,130,1,0
BRDA:773,131,0,7
BRDA:773,131,1,7
BRDA:775,132,0,0
BRDA:775,132,1,7
BRDA:787,133,0,5
BRDA:787,133,1,0
BRDA:787,134,0,5
BRDA:787,134,1,5
BRDA:792,135,0,0
BRDA:792,135,1,5
BRDA:798,136,0,0
BRDA:798,136,1,0
BRDA:798,137,0,0
BRDA:798,137,1,0
BRDA:799,138,0,0
BRDA:799,138,1,0
BRDA:799,139,0,0
BRDA:799,139,1,0
BRDA:800,140,0,0
BRDA:800,140,1,0
BRDA:820,141,0,2
BRDA:820,141,1,0
BRDA:820,142,0,2
BRDA:820,142,1,2
BRDA:825,143,0,0
BRDA:825,143,1,2
BRDA:831,144,0,1
BRDA:831,144,1,1
BRDA:831,145,0,2
BRDA:831,145,1,2
BRDA:837,146,0,7
BRDA:837,146,1,0
BRDA:861,147,0,0
BRDA:861,147,1,6
BRDA:861,148,0,6
BRDA:861,148,1,0
BRDA:881,149,0,39
BRDA:881,149,1,43
BRDA:888,150,0,58
BRDA:892,151,0,2
BRDA:894,152,0,60
BRDA:894,152,1,60
BRDA:894,152,2,60
BRDA:897,153,0,60
BRDA:897,153,1,60
BRDA:916,154,0,2
BRDA:916,154,1,58
BRDA:948,155,0,60
BRDA:948,155,1,0
BRDA:966,156,0,0
BRDA:966,156,1,0
BRDA:976,157,0,2
BRDA:976,157,1,0
BRDA:976,158,0,2
BRDA:976,158,1,2
BRDA:987,159,0,1
BRDA:987,159,1,0
BRDA:987,160,0,1
BRDA:987,160,1,1
BRF:319
BRH:204
end_of_record
TN:
SF:src\reconciliation.js
FN:12,parseInteger
FN:17,isFiniteNumber
FN:21,normalizeNumber
FN:26,safeString
FN:34,(anonymous_4)
FN:42,(anonymous_5)
FN:95,(anonymous_6)
FN:104,(anonymous_7)
FN:114,(anonymous_8)
FN:121,(anonymous_9)
FN:138,(anonymous_10)
FN:186,(anonymous_11)
FN:253,(anonymous_12)
FN:300,(anonymous_13)
FN:312,(anonymous_14)
FN:317,(anonymous_15)
FN:326,(anonymous_16)
FN:339,(anonymous_17)
FN:356,(anonymous_18)
FN:375,(anonymous_19)
FN:393,(anonymous_20)
FN:400,(anonymous_21)
FN:420,(anonymous_22)
FN:472,(anonymous_23)
FN:543,(anonymous_24)
FN:575,(anonymous_25)
FN:576,(anonymous_26)
FN:579,(anonymous_27)
FN:580,(anonymous_28)
FN:581,(anonymous_29)
FN:585,(anonymous_30)
FN:618,(anonymous_31)
FN:670,(anonymous_32)
FN:674,(anonymous_33)
FN:706,(anonymous_34)
FN:751,(anonymous_35)
FN:776,(anonymous_36)
FNF:37
FNH:0
FNDA:0,parseInteger
FNDA:0,isFiniteNumber
FNDA:0,normalizeNumber
FNDA:0,safeString
FNDA:0,(anonymous_4)
FNDA:0,(anonymous_5)
FNDA:0,(anonymous_6)
FNDA:0,(anonymous_7)
FNDA:0,(anonymous_8)
FNDA:0,(anonymous_9)
FNDA:0,(anonymous_10)
FNDA:0,(anonymous_11)
FNDA:0,(anonymous_12)
FNDA:0,(anonymous_13)
FNDA:0,(anonymous_14)
FNDA:0,(anonymous_15)
FNDA:0,(anonymous_16)
FNDA:0,(anonymous_17)
FNDA:0,(anonymous_18)
FNDA:0,(anonymous_19)
FNDA:0,(anonymous_20)
FNDA:0,(anonymous_21)
FNDA:0,(anonymous_22)
FNDA:0,(anonymous_23)
FNDA:0,(anonymous_24)
FNDA:0,(anonymous_25)
FNDA:0,(anonymous_26)
FNDA:0,(anonymous_27)
FNDA:0,(anonymous_28)
FNDA:0,(anonymous_29)
FNDA:0,(anonymous_30)
FNDA:0,(anonymous_31)
FNDA:0,(anonymous_32)
FNDA:0,(anonymous_33)
FNDA:0,(anonymous_34)
FNDA:0,(anonymous_35)
FNDA:0,(anonymous_36)
DA:1,0
DA:2,0
DA:4,0
DA:5,0
DA:6,0
DA:7,0
DA:8,0
DA:9,0
DA:10,0
DA:13,0
DA:14,0
DA:18,0
DA:22,0
DA:23,0
DA:27,0
DA:28,0
DA:30,0
DA:35,0
DA:37,0
DA:38,0
DA:39,0
DA:40,0
DA:42,0
DA:43,0
DA:45,0
DA:48,0
DA:51,0
DA:54,0
DA:57,0
DA:59,0
DA:61,0
DA:65,0
DA:66,0
DA:67,0
DA:68,0
DA:69,0
DA:70,0
DA:71,0
DA:72,0
DA:74,0
DA:91,0
DA:92,0
DA:96,0
DA:97,0
DA:98,0
DA:100,0
DA:105,0
DA:106,0
DA:109,0
DA:110,0
DA:111,0
DA:114,0
DA:115,0
DA:118,0
DA:122,0
DA:123,0
DA:124,0
DA:126,0
DA:127,0
DA:128,0
DA:129,0
DA:130,0
DA:131,0
DA:133,0
DA:134,0
DA:139,0
DA:140,0
DA:141,0
DA:143,0
DA:144,0
DA:146,0
DA:147,0
DA:150,0
DA:151,0
DA:152,0
DA:161,0
DA:162,0
DA:163,0
DA:164,0
DA:165,0
DA:166,0
DA:167,0
DA:170,0
DA:171,0
DA:182,0
DA:183,0
DA:187,0
DA:188,0
DA:189,0
DA:190,0
DA:193,0
DA:194,0
DA:195,0
DA:196,0
DA:198,0
DA:199,0
DA:201,0
DA:202,0
DA:204,0
DA:205,0
DA:207,0
DA:208,0
DA:211,0
DA:212,0
DA:215,0
DA:216,0
DA:217,0
DA:222,0
DA:223,0
DA:226,0
DA:227,0
DA:228,0
DA:229,0
DA:245,0
DA:246,0
DA:248,0
DA:249,0
DA:254,0
DA:256,0
DA:257,0
DA:258,0
DA:261,0
DA:262,0
DA:263,0
DA:265,0
DA:266,0
DA:267,0
DA:268,0
DA:269,0
DA:272,0
DA:273,0
DA:275,0
DA:276,0
DA:277,0
DA:286,0
DA:290,0
DA:291,0
DA:292,0
DA:293,0
DA:294,0
DA:301,0
DA:312,0
DA:317,0
DA:327,0
DA:328,0
DA:331,0
DA:332,0
DA:333,0
DA:335,0
DA:340,0
DA:341,0
DA:353,0
DA:357,0
DA:358,0
DA:359,0
DA:361,0
DA:376,0
DA:377,0
DA:379,0
DA:380,0
DA:382,0
DA:385,0
DA:387,0
DA:389,0
DA:394,0
DA:395,0
DA:397,0
DA:401,0
DA:402,0
DA:403,0
DA:417,0
DA:420,0
DA:421,0
DA:422,0
DA:423,0
DA:425,0
DA:426,0
DA:440,0
DA:443,0
DA:444,0
DA:445,0
DA:446,0
DA:447,0
DA:448,0
DA:451,0
DA:452,0
DA:463,0
DA:469,0
DA:473,0
DA:474,0
DA:482,0
DA:490,0
DA:491,0
DA:492,0
DA:493,0
DA:494,0
DA:496,0
DA:497,0
DA:498,0
DA:500,0
DA:501,0
DA:504,0
DA:505,0
DA:522,0
DA:538,0
DA:539,0
DA:540,0
DA:544,0
DA:545,0
DA:546,0
DA:547,0
DA:548,0
DA:549,0
DA:550,0
DA:551,0
DA:564,0
DA:566,0
DA:569,0
DA:571,0
DA:572,0
DA:576,0
DA:580,0
DA:581,0
DA:586,0
DA:587,0
DA:588,0
DA:589,0
DA:592,0
DA:593,0
DA:596,0
DA:602,0
DA:603,0
DA:607,0
DA:608,0
DA:610,0
DA:611,0
DA:612,0
DA:614,0
DA:615,0
DA:619,0
DA:620,0
DA:623,0
DA:624,0
DA:625,0
DA:626,0
DA:628,0
DA:629,0
DA:630,0
DA:632,0
DA:636,0
DA:638,0
DA:639,0
DA:642,0
DA:643,0
DA:644,0
DA:646,0
DA:651,0
DA:652,0
DA:653,0
DA:654,0
DA:656,0
DA:657,0
DA:658,0
DA:660,0
DA:671,0
DA:675,0
DA:681,0
DA:682,0
DA:683,0
DA:684,0
DA:686,0
DA:687,0
DA:688,0
DA:699,0
DA:702,0
DA:705,0
DA:706,0
DA:709,0
DA:710,0
DA:720,0
DA:721,0
DA:724,0
DA:725,0
DA:726,0
DA:728,0
DA:729,0
DA:730,0
DA:741,0
DA:743,0
DA:745,0
DA:746,0
DA:752,0
DA:759,0
DA:760,0
DA:761,0
DA:763,0
DA:764,0
DA:765,0
DA:767,0
DA:772,0
DA:773,0
DA:777,0
DA:778,0
DA:781,0
DA:782,0
DA:788,0
DA:789,0
DA:794,0
LF:308
LH:0
BRDA:14,0,0,0
BRDA:14,0,1,0
BRDA:21,1,0,0
BRDA:23,2,0,0
BRDA:23,2,1,0
BRDA:27,3,0,0
BRDA:27,3,1,0
BRDA:27,4,0,0
BRDA:27,4,1,0
BRDA:34,5,0,0
BRDA:37,6,0,0
BRDA:37,6,1,0
BRDA:38,7,0,0
BRDA:38,7,1,0
BRDA:39,8,0,0
BRDA:39,8,1,0
BRDA:42,9,0,0
BRDA:42,9,1,0
BRDA:44,10,0,0
BRDA:44,10,1,0
BRDA:44,10,2,0
BRDA:46,11,0,0
BRDA:46,11,1,0
BRDA:49,12,0,0
BRDA:49,12,1,0
BRDA:52,13,0,0
BRDA:52,13,1,0
BRDA:55,14,0,0
BRDA:55,14,1,0
BRDA:58,15,0,0
BRDA:58,15,1,0
BRDA:60,16,0,0
BRDA:60,16,1,0
BRDA:62,17,0,0
BRDA:62,17,1,0
BRDA:97,18,0,0
BRDA:97,18,1,0
BRDA:98,19,0,0
BRDA:98,19,1,0
BRDA:105,20,0,0
BRDA:105,20,1,0
BRDA:105,21,0,0
BRDA:105,21,1,0
BRDA:105,21,2,0
BRDA:109,22,0,0
BRDA:109,22,1,0
BRDA:110,23,0,0
BRDA:110,23,1,0
BRDA:110,24,0,0
BRDA:110,24,1,0
BRDA:121,25,0,0
BRDA:123,26,0,0
BRDA:123,26,1,0
BRDA:123,27,0,0
BRDA:123,27,1,0
BRDA:123,27,2,0
BRDA:128,28,0,0
BRDA:128,28,1,0
BRDA:130,29,0,0
BRDA:130,29,1,0
BRDA:138,30,0,0
BRDA:140,31,0,0
BRDA:140,31,1,0
BRDA:143,32,0,0
BRDA:143,32,1,0
BRDA:143,33,0,0
BRDA:143,33,1,0
BRDA:146,34,0,0
BRDA:146,34,1,0
BRDA:151,35,0,0
BRDA:151,35,1,0
BRDA:158,36,0,0
BRDA:158,36,1,0
BRDA:166,37,0,0
BRDA:166,37,1,0
BRDA:166,38,0,0
BRDA:166,38,1,0
BRDA:170,39,0,0
BRDA:170,39,1,0
BRDA:170,40,0,0
BRDA:170,40,1,0
BRDA:186,41,0,0
BRDA:189,42,0,0
BRDA:189,42,1,0
BRDA:195,43,0,0
BRDA:195,43,1,0
BRDA:195,44,0,0
BRDA:195,44,1,0
BRDA:201,45,0,0
BRDA:201,45,1,0
BRDA:201,46,0,0
BRDA:201,46,1,0
BRDA:204,47,0,0
BRDA:204,47,1,0
BRDA:204,48,0,0
BRDA:204,48,1,0
BRDA:207,49,0,0
BRDA:207,49,1,0
BRDA:207,50,0,0
BRDA:207,50,1,0
BRDA:211,51,0,0
BRDA:211,51,1,0
BRDA:216,52,0,0
BRDA:216,52,1,0
BRDA:217,53,0,0
BRDA:217,53,1,0
BRDA:222,54,0,0
BRDA:222,54,1,0
BRDA:228,55,0,0
BRDA:228,55,1,0
BRDA:253,56,0,0
BRDA:257,57,0,0
BRDA:257,57,1,0
BRDA:257,58,0,0
BRDA:257,58,1,0
BRDA:257,58,2,0
BRDA:263,59,0,0
BRDA:263,59,1,0
BRDA:265,60,0,0
BRDA:265,60,1,0
BRDA:276,61,0,0
BRDA:276,61,1,0
BRDA:327,62,0,0
BRDA:327,62,1,0
BRDA:340,63,0,0
BRDA:340,63,1,0
BRDA:358,64,0,0
BRDA:358,64,1,0
BRDA:358,65,0,0
BRDA:358,65,1,0
BRDA:365,66,0,0
BRDA:365,66,1,0
BRDA:366,67,0,0
BRDA:366,67,1,0
BRDA:367,68,0,0
BRDA:367,68,1,0
BRDA:368,69,0,0
BRDA:368,69,1,0
BRDA:369,70,0,0
BRDA:369,70,1,0
BRDA:371,71,0,0
BRDA:371,71,1,0
BRDA:376,72,0,0
BRDA:376,72,1,0
BRDA:379,73,0,0
BRDA:379,73,1,0
BRDA:382,74,0,0
BRDA:382,74,1,0
BRDA:382,74,2,0
BRDA:382,74,3,0
BRDA:394,75,0,0
BRDA:394,75,1,0
BRDA:394,76,0,0
BRDA:394,76,1,0
BRDA:401,77,0,0
BRDA:401,77,1,0
BRDA:402,78,0,0
BRDA:402,78,1,0
BRDA:406,79,0,0
BRDA:406,79,1,0
BRDA:407,80,0,0
BRDA:407,80,1,0
BRDA:408,81,0,0
BRDA:408,81,1,0
BRDA:421,82,0,0
BRDA:421,82,1,0
BRDA:425,83,0,0
BRDA:425,83,1,0
BRDA:429,84,0,0
BRDA:429,84,1,0
BRDA:430,85,0,0
BRDA:430,85,1,0
BRDA:431,86,0,0
BRDA:431,86,1,0
BRDA:447,87,0,0
BRDA:447,87,1,0
BRDA:447,88,0,0
BRDA:447,88,1,0
BRDA:451,89,0,0
BRDA:451,89,1,0
BRDA:451,90,0,0
BRDA:451,90,1,0
BRDA:473,91,0,0
BRDA:473,91,1,0
BRDA:476,92,0,0
BRDA:476,92,1,0
BRDA:477,93,0,0
BRDA:477,93,1,0
BRDA:500,94,0,0
BRDA:500,94,1,0
BRDA:500,95,0,0
BRDA:500,95,1,0
BRDA:504,96,0,0
BRDA:504,96,1,0
BRDA:504,97,0,0
BRDA:504,97,1,0
BRDA:550,98,0,0
BRDA:550,98,1,0
BRDA:550,99,0,0
BRDA:550,99,1,0
BRDA:588,100,0,0
BRDA:588,100,1,0
BRDA:588,101,0,0
BRDA:588,101,1,0
BRDA:592,102,0,0
BRDA:592,102,1,0
BRDA:611,103,0,0
BRDA:611,103,1,0
BRDA:611,104,0,0
BRDA:611,104,1,0
BRDA:619,105,0,0
BRDA:619,105,1,0
BRDA:629,106,0,0
BRDA:629,106,1,0
BRDA:629,107,0,0
BRDA:629,107,1,0
BRDA:638,108,0,0
BRDA:638,108,1,0
BRDA:652,109,0,0
BRDA:652,109,1,0
BRDA:657,110,0,0
BRDA:657,110,1,0
BRDA:657,111,0,0
BRDA:657,111,1,0
BRDA:662,112,0,0
BRDA:662,112,1,0
BRDA:681,113,0,0
BRDA:681,113,1,0
BRDA:683,114,0,0
BRDA:683,114,1,0
BRDA:683,115,0,0
BRDA:683,115,1,0
BRDA:687,116,0,0
BRDA:687,116,1,0
BRDA:687,117,0,0
BRDA:687,117,1,0
BRDA:702,118,0,0
BRDA:702,118,1,0
BRDA:705,119,0,0
BRDA:705,119,1,0
BRDA:717,120,0,0
BRDA:717,120,1,0
BRDA:720,121,0,0
BRDA:720,121,1,0
BRDA:725,122,0,0
BRDA:725,122,1,0
BRDA:725,123,0,0
BRDA:725,123,1,0
BRDA:729,124,0,0
BRDA:729,124,1,0
BRDA:729,125,0,0
BRDA:729,125,1,0
BRDA:745,126,0,0
BRDA:745,126,1,0
BRDA:751,127,0,0
BRDA:754,128,0,0
BRDA:754,128,1,0
BRDA:755,129,0,0
BRDA:755,129,1,0
BRDA:756,130,0,0
BRDA:756,130,1,0
BRDA:764,131,0,0
BRDA:764,131,1,0
BRDA:764,132,0,0
BRDA:764,132,1,0
BRDA:777,133,0,0
BRDA:777,133,1,0
BRDA:781,134,0,0
BRDA:781,134,1,0
BRDA:788,135,0,0
BRDA:788,135,1,0
BRDA:789,136,0,0
BRDA:789,136,1,0
BRF:273
BRH:0
end_of_record
TN:
SF:src\registry.js
FN:19,(anonymous_0)
FN:48,(anonymous_1)
FN:75,(anonymous_2)
FN:83,(anonymous_3)
FN:84,(anonymous_4)
FN:95,(anonymous_5)
FN:98,(anonymous_6)
FN:99,(anonymous_7)
FN:106,(anonymous_8)
FN:107,(anonymous_9)
FN:115,(anonymous_10)
FN:161,(anonymous_11)
FN:180,(anonymous_12)
FN:187,(anonymous_13)
FN:253,(anonymous_14)
FN:255,(anonymous_15)
FN:354,(anonymous_16)
FN:363,(anonymous_17)
FN:366,(anonymous_18)
FN:381,(anonymous_19)
FN:386,(anonymous_20)
FN:389,(anonymous_21)
FN:407,(anonymous_22)
FNF:23
FNH:11
FNDA:7,(anonymous_0)
FNDA:7,(anonymous_1)
FNDA:1,(anonymous_2)
FNDA:10,(anonymous_3)
FNDA:7,(anonymous_4)
FNDA:0,(anonymous_5)
FNDA:0,(anonymous_6)
FNDA:0,(anonymous_7)
FNDA:0,(anonymous_8)
FNDA:0,(anonymous_9)
FNDA:11,(anonymous_10)
FNDA:0,(anonymous_11)
FNDA:0,(anonymous_12)
FNDA:8,(anonymous_13)
FNDA:11,(anonymous_14)
FNDA:22,(anonymous_15)
FNDA:0,(anonymous_16)
FNDA:0,(anonymous_17)
FNDA:0,(anonymous_18)
FNDA:7,(anonymous_19)
FNDA:0,(anonymous_20)
FNDA:0,(anonymous_21)
FNDA:7,(anonymous_22)
DA:1,1
DA:2,1
DA:3,1
DA:4,1
DA:6,1
DA:20,7
DA:21,7
DA:22,7
DA:23,7
DA:24,7
DA:25,7
DA:26,7
DA:29,7
DA:37,7
DA:39,7
DA:41,7
DA:49,7
DA:52,7
DA:53,7
DA:57,7
DA:58,0
DA:62,0
DA:63,0
DA:64,0
DA:67,7
DA:68,7
DA:76,1
DA:84,10
DA:96,0
DA:97,0
DA:98,0
DA:99,0
DA:107,0
DA:116,11
DA:117,11
DA:118,11
DA:119,11
DA:120,0
DA:123,11
DA:131,11
DA:132,0
DA:135,0
DA:137,0
DA:140,0
DA:141,0
DA:162,0
DA:163,0
DA:164,0
DA:165,0
DA:167,0
DA:168,0
DA:169,0
DA:170,0
DA:175,0
DA:180,0
DA:188,8
DA:189,8
DA:190,8
DA:192,8
DA:194,0
DA:197,8
DA:199,8
DA:201,8
DA:202,8
DA:203,8
DA:204,24
DA:211,8
DA:217,8
DA:218,0
DA:219,0
DA:222,8
DA:224,7
DA:225,1
DA:226,1
DA:229,6
DA:230,11
DA:231,11
DA:233,0
DA:235,11
DA:236,11
DA:240,6
DA:241,6
DA:243,0
DA:247,7
DA:249,1
DA:254,11
DA:255,22
DA:256,11
DA:259,11
DA:260,0
DA:262,11
DA:265,11
DA:267,11
DA:268,11
DA:269,11
DA:271,11
DA:273,11
DA:274,0
DA:275,0
DA:277,11
DA:278,11
DA:285,11
DA:288,0
DA:289,0
DA:292,0
DA:293,0
DA:296,0
DA:297,0
DA:309,0
DA:313,0
DA:314,0
DA:322,0
DA:326,0
DA:327,0
DA:335,0
DA:339,0
DA:340,0
DA:341,0
DA:344,0
DA:345,0
DA:346,0
DA:347,0
DA:349,0
DA:353,0
DA:354,0
DA:355,0
DA:364,0
DA:365,0
DA:366,0
DA:368,0
DA:369,0
DA:370,0
DA:372,0
DA:374,0
DA:382,7
DA:383,7
DA:385,0
DA:386,0
DA:388,0
DA:389,0
DA:390,0
DA:393,0
DA:394,0
DA:396,0
DA:397,0
DA:408,7
DA:409,7
DA:415,7
DA:420,1
LF:149
LH:75
BRDA:19,0,0,0
BRDA:25,1,0,7
BRDA:25,1,1,0
BRDA:26,2,0,7
BRDA:26,2,1,0
BRDA:29,3,0,7
BRDA:29,3,1,7
BRDA:30,4,0,7
BRDA:30,4,1,7
BRDA:31,5,0,7
BRDA:31,5,1,7
BRDA:53,6,0,7
BRDA:53,6,1,0
BRDA:53,7,0,7
BRDA:53,7,1,7
BRDA:55,8,0,0
BRDA:55,8,1,0
BRDA:55,9,0,0
BRDA:55,9,1,0
BRDA:57,10,0,0
BRDA:57,10,1,7
BRDA:96,11,0,0
BRDA:96,11,1,0
BRDA:115,12,0,11
BRDA:116,13,0,11
BRDA:116,13,1,11
BRDA:119,14,0,0
BRDA:119,14,1,11
BRDA:131,15,0,0
BRDA:131,15,1,11
BRDA:131,16,0,11
BRDA:131,16,1,11
BRDA:132,17,0,0
BRDA:132,17,1,0
BRDA:134,18,0,0
BRDA:134,18,1,0
BRDA:137,19,0,0
BRDA:137,19,1,0
BRDA:140,20,0,0
BRDA:140,20,1,0
BRDA:140,21,0,0
BRDA:140,21,1,0
BRDA:145,22,0,0
BRDA:145,22,1,0
BRDA:148,23,0,0
BRDA:148,23,1,0
BRDA:149,24,0,0
BRDA:149,24,1,0
BRDA:150,25,0,0
BRDA:150,25,1,0
BRDA:151,26,0,0
BRDA:151,26,1,0
BRDA:163,27,0,0
BRDA:163,27,1,0
BRDA:164,28,0,0
BRDA:164,28,1,0
BRDA:167,29,0,0
BRDA:167,29,1,0
BRDA:167,30,0,0
BRDA:167,30,1,0
BRDA:169,31,0,0
BRDA:169,31,1,0
BRDA:181,32,0,0
BRDA:181,32,1,0
BRDA:192,33,0,0
BRDA:192,33,1,8
BRDA:212,34,0,0
BRDA:212,34,1,8
BRDA:217,35,0,0
BRDA:217,35,1,8
BRDA:224,36,0,1
BRDA:224,36,1,6
BRDA:224,37,0,7
BRDA:224,37,1,7
BRDA:224,37,2,7
BRDA:235,38,0,11
BRDA:235,38,1,0
BRDA:235,39,0,11
BRDA:235,39,1,11
BRDA:240,40,0,6
BRDA:240,40,1,0
BRDA:243,41,0,0
BRDA:243,41,1,0
BRDA:259,42,0,0
BRDA:259,42,1,11
BRDA:265,43,0,0
BRDA:265,43,1,11
BRDA:267,44,0,0
BRDA:267,44,1,11
BRDA:269,45,0,11
BRDA:269,45,1,11
BRDA:271,46,0,11
BRDA:271,46,1,0
BRDA:271,46,2,0
BRDA:271,46,3,0
BRDA:271,46,4,0
BRDA:271,46,5,0
BRDA:271,46,6,0
BRDA:271,46,7,0
BRDA:271,46,8,0
BRDA:273,47,0,0
BRDA:273,47,1,11
BRDA:296,48,0,0
BRDA:296,48,1,0
BRDA:299,49,0,0
BRDA:299,49,1,0
BRDA:305,50,0,0
BRDA:305,50,1,0
BRDA:313,51,0,0
BRDA:313,51,1,0
BRDA:314,52,0,0
BRDA:314,52,1,0
BRDA:318,53,0,0
BRDA:318,53,1,0
BRDA:326,54,0,0
BRDA:326,54,1,0
BRDA:327,55,0,0
BRDA:327,55,1,0
BRDA:331,56,0,0
BRDA:331,56,1,0
BRDA:345,57,0,0
BRDA:345,57,1,0
BRDA:346,58,0,0
BRDA:346,58,1,0
BRDA:354,59,0,0
BRDA:354,59,1,0
BRDA:365,60,0,0
BRDA:365,60,1,0
BRDA:365,61,0,0
BRDA:365,61,1,0
BRDA:368,62,0,0
BRDA:368,62,1,0
BRDA:369,63,0,0
BRDA:369,63,1,0
BRDA:374,64,0,0
BRDA:374,64,1,0
BRDA:383,65,0,7
BRDA:383,65,1,0
BRDA:385,66,0,0
BRDA:385,66,1,0
BRDA:388,67,0,0
BRDA:388,67,1,0
BRDA:393,68,0,0
BRDA:393,68,1,0
BRDA:393,69,0,0
BRDA:393,69,1,0
BRDA:396,70,0,0
BRDA:396,70,1,0
BRF:148
BRH:39
end_of_record
TN:
SF:src\retry.js
FN:67,extractErrorCode
FN:105,classifyError
FN:117,(anonymous_2)
FN:129,(anonymous_3)
FN:139,(anonymous_4)
FN:167,calculateDelay
FN:179,sleep
FN:180,(anonymous_7)
FN:200,withRetry
FN:311,retry
FN:316,(anonymous_10)
FN:323,isRetryableError
FN:331,isDuplicateTransactionError
FNF:13
FNH:0
FNDA:0,extractErrorCode
FNDA:0,classifyError
FNDA:0,(anonymous_2)
FNDA:0,(anonymous_3)
FNDA:0,(anonymous_4)
FNDA:0,calculateDelay
FNDA:0,sleep
FNDA:0,(anonymous_7)
FNDA:0,withRetry
FNDA:0,retry
FNDA:0,(anonymous_10)
FNDA:0,isRetryableError
FNDA:0,isDuplicateTransactionError
DA:1,2
DA:6,2
DA:16,2
DA:36,2
DA:56,2
DA:68,0
DA:70,0
DA:71,0
DA:74,0
DA:75,0
DA:78,0
DA:79,0
DA:82,0
DA:83,0
DA:86,0
DA:92,0
DA:93,0
DA:97,0
DA:106,0
DA:108,0
DA:110,0
DA:111,0
DA:115,0
DA:118,0
DA:124,0
DA:127,0
DA:130,0
DA:134,0
DA:137,0
DA:140,0
DA:144,0
DA:147,0
DA:154,0
DA:157,0
DA:168,0
DA:169,0
DA:170,0
DA:171,0
DA:180,0
DA:183,2
DA:201,0
DA:203,0
DA:205,0
DA:206,0
DA:207,0
DA:208,0
DA:215,0
DA:216,0
DA:217,0
DA:224,0
DA:225,0
DA:226,0
DA:228,0
DA:238,0
DA:239,0
DA:250,0
DA:254,0
DA:265,0
DA:266,0
DA:267,0
DA:269,0
DA:280,0
DA:281,0
DA:282,0
DA:284,0
DA:285,0
DA:289,0
DA:312,0
DA:316,0
DA:324,0
DA:332,0
DA:335,2
LF:72
LH:7
BRDA:68,0,0,0
BRDA:68,0,1,0
BRDA:70,1,0,0
BRDA:70,1,1,0
BRDA:70,2,0,0
BRDA:70,2,1,0
BRDA:74,3,0,0
BRDA:74,3,1,0
BRDA:74,4,0,0
BRDA:74,4,1,0
BRDA:78,5,0,0
BRDA:78,5,1,0
BRDA:78,6,0,0
BRDA:78,6,1,0
BRDA:82,7,0,0
BRDA:82,7,1,0
BRDA:83,8,0,0
BRDA:83,8,1,0
BRDA:93,9,0,0
BRDA:93,9,1,0
BRDA:106,10,0,0
BRDA:106,10,1,0
BRDA:110,11,0,0
BRDA:110,11,1,0
BRDA:112,12,0,0
BRDA:112,12,1,0
BRDA:112,12,2,0
BRDA:112,12,3,0
BRDA:115,13,0,0
BRDA:115,13,1,0
BRDA:118,14,0,0
BRDA:118,14,1,0
BRDA:118,14,2,0
BRDA:118,14,3,0
BRDA:127,15,0,0
BRDA:127,15,1,0
BRDA:130,16,0,0
BRDA:130,16,1,0
BRDA:137,17,0,0
BRDA:137,17,1,0
BRDA:140,18,0,0
BRDA:140,18,1,0
BRDA:147,19,0,0
BRDA:147,19,1,0
BRDA:148,20,0,0
BRDA:148,20,1,0
BRDA:148,20,2,0
BRDA:148,20,3,0
BRDA:148,20,4,0
BRDA:184,21,0,2
BRDA:184,21,1,2
BRDA:185,22,0,2
BRDA:185,22,1,2
BRDA:186,23,0,2
BRDA:186,23,1,2
BRDA:200,24,0,0
BRDA:221,25,0,0
BRDA:221,25,1,0
BRDA:224,26,0,0
BRDA:224,26,1,0
BRDA:225,27,0,0
BRDA:225,27,1,0
BRDA:238,28,0,0
BRDA:238,28,1,0
BRDA:250,29,0,0
BRDA:250,29,1,0
BRDA:251,30,0,0
BRDA:251,30,1,0
BRDA:265,31,0,0
BRDA:265,31,1,0
BRDA:266,32,0,0
BRDA:266,32,1,0
BRDA:281,33,0,0
BRDA:281,33,1,0
BRDA:299,34,0,0
BRDA:299,34,1,0
BRDA:311,35,0,0
BRDA:311,36,0,0
BRF:78
BRH:6
end_of_record
TN:
SF:src\sloMetrics.js
FN:78,(anonymous_0)
FN:109,(anonymous_1)
FN:333,(anonymous_2)
FN:374,(anonymous_3)
FN:407,(anonymous_4)
FN:423,(anonymous_5)
FN:468,(anonymous_6)
FN:504,(anonymous_7)
FN:523,(anonymous_8)
FN:545,(anonymous_9)
FN:562,(anonymous_10)
FNF:11
FNH:0
FNDA:0,(anonymous_0)
FNDA:0,(anonymous_1)
FNDA:0,(anonymous_2)
FNDA:0,(anonymous_3)
FNDA:0,(anonymous_4)
FNDA:0,(anonymous_5)
FNDA:0,(anonymous_6)
FNDA:0,(anonymous_7)
FNDA:0,(anonymous_8)
FNDA:0,(anonymous_9)
FNDA:0,(anonymous_10)
DA:3,0
DA:4,0
DA:12,0
DA:15,0
DA:18,0
DA:79,0
DA:80,0
DA:83,0
DA:84,0
DA:85,0
DA:86,0
DA:87,0
DA:88,0
DA:89,0
DA:90,0
DA:94,0
DA:95,0
DA:96,0
DA:97,0
DA:100,0
DA:101,0
DA:102,0
DA:104,0
DA:110,0
DA:124,0
DA:145,0
DA:161,0
DA:170,0
DA:176,0
DA:193,0
DA:208,0
DA:215,0
DA:228,0
DA:250,0
DA:264,0
DA:275,0
DA:293,0
DA:303,0
DA:310,0
DA:311,0
DA:312,0
DA:313,0
DA:334,0
DA:335,0
DA:337,0
DA:339,0
DA:340,0
DA:341,0
DA:345,0
DA:346,0
DA:347,0
DA:348,0
DA:349,0
DA:350,0
DA:354,0
DA:355,0
DA:358,0
DA:375,0
DA:377,0
DA:379,0
DA:381,0
DA:382,0
DA:383,0
DA:384,0
DA:385,0
DA:386,0
DA:389,0
DA:392,0
DA:393,0
DA:408,0
DA:409,0
DA:410,0
DA:424,0
DA:428,0
DA:436,0
DA:438,0
DA:469,0
DA:505,0
DA:524,0
DA:527,0
DA:529,0
DA:530,0
DA:532,0
DA:534,0
DA:535,0
DA:546,0
DA:548,0
DA:549,0
DA:551,0
DA:555,0
DA:563,0
DA:564,0
DA:565,0
DA:569,0
LF:94
LH:0
BRDA:78,0,0,0
BRDA:79,1,0,0
BRDA:79,1,1,0
BRDA:80,2,0,0
BRDA:80,2,1,0
BRDA:83,3,0,0
BRDA:83,3,1,0
BRDA:84,4,0,0
BRDA:84,4,1,0
BRDA:85,5,0,0
BRDA:85,5,1,0
BRDA:86,6,0,0
BRDA:86,6,1,0
BRDA:87,7,0,0
BRDA:87,7,1,0
BRDA:88,8,0,0
BRDA:88,8,1,0
BRDA:89,9,0,0
BRDA:89,9,1,0
BRDA:90,10,0,0
BRDA:90,10,1,0
BRDA:333,11,0,0
BRDA:333,12,0,0
BRDA:333,13,0,0
BRDA:339,14,0,0
BRDA:339,14,1,0
BRDA:345,15,0,0
BRDA:345,15,1,0
BRDA:347,16,0,0
BRDA:347,16,1,0
BRDA:349,17,0,0
BRDA:349,17,1,0
BRDA:375,18,0,0
BRDA:375,18,1,0
BRDA:381,19,0,0
BRDA:381,19,1,0
BRDA:383,20,0,0
BRDA:383,20,1,0
BRDA:385,21,0,0
BRDA:385,21,1,0
BRDA:409,22,0,0
BRDA:409,22,1,0
BRDA:423,23,0,0
BRDA:424,24,0,0
BRDA:424,24,1,0
BRDA:428,25,0,0
BRDA:428,25,1,0
BRDA:430,26,0,0
BRDA:430,26,1,0
BRDA:432,27,0,0
BRDA:432,27,1,0
BRDA:441,28,0,0
BRDA:441,28,1,0
BRDA:442,29,0,0
BRDA:442,29,1,0
BRDA:451,30,0,0
BRDA:451,30,1,0
BRDA:451,31,0,0
BRDA:451,31,1,0
BRDA:527,32,0,0
BRDA:527,32,1,0
BRDA:530,33,0,0
BRDA:530,33,1,0
BRDA:534,34,0,0
BRDA:534,34,1,0
BRDA:546,35,0,0
BRDA:546,35,1,0
BRDA:551,36,0,0
BRDA:551,36,1,0
BRDA:553,37,0,0
BRDA:553,37,1,0
BRF:71
BRH:0
end_of_record
TN:
SF:src\taskSnapshot.js
FN:38,(anonymous_0)
FN:69,(anonymous_1)
FN:74,(anonymous_2)
FN:99,(anonymous_3)
FN:148,(anonymous_4)
FN:164,(anonymous_5)
FN:185,(anonymous_6)
FN:199,(anonymous_7)
FN:215,(anonymous_8)
FNF:9
FNH:6
FNDA:7,(anonymous_0)
FNDA:7,(anonymous_1)
FNDA:6,(anonymous_2)
FNDA:7,(anonymous_3)
FNDA:7,(anonymous_4)
FNDA:0,(anonymous_5)
FNDA:7,(anonymous_6)
FNDA:0,(anonymous_7)
FNDA:0,(anonymous_8)
DA:3,1
DA:4,1
DA:5,1
DA:6,1
DA:8,1
DA:9,1
DA:39,7
DA:40,7
DA:41,7
DA:42,7
DA:43,7
DA:44,7
DA:47,7
DA:48,7
DA:49,7
DA:50,7
DA:51,7
DA:52,7
DA:55,7
DA:70,7
DA:74,6
DA:79,7
DA:80,7
DA:82,7
DA:83,0
DA:85,0
DA:86,0
DA:100,7
DA:103,0
DA:104,0
DA:106,0
DA:107,0
DA:111,0
DA:112,0
DA:114,0
DA:115,0
DA:118,0
DA:119,0
DA:120,0
DA:123,0
DA:125,0
DA:126,0
DA:127,0
DA:128,0
DA:131,0
DA:132,0
DA:133,0
DA:149,7
DA:150,7
DA:152,7
DA:153,0
DA:156,7
DA:165,0
DA:186,7
DA:200,0
DA:201,0
DA:202,0
DA:216,0
DA:218,0
DA:219,0
DA:227,1
LF:61
LH:31
BRDA:38,0,0,0
BRDA:39,1,0,7
BRDA:39,1,1,7
BRDA:40,2,0,7
BRDA:40,2,1,7
BRDA:42,3,0,7
BRDA:42,3,1,7
BRDA:43,4,0,7
BRDA:43,4,1,7
BRDA:44,5,0,7
BRDA:44,5,1,0
BRDA:100,6,0,7
BRDA:100,6,1,0
BRDA:118,7,0,0
BRDA:118,7,1,0
BRDA:123,8,0,0
BRDA:123,8,1,0
BRDA:125,9,0,0
BRDA:125,9,1,0
BRDA:148,10,0,0
BRDA:149,11,0,7
BRDA:149,11,1,7
BRDA:150,12,0,0
BRDA:150,12,1,7
BRDA:152,13,0,0
BRDA:152,13,1,7
BRDA:152,14,0,7
BRDA:152,14,1,0
BRDA:153,15,0,0
BRDA:153,15,1,0
BRDA:201,16,0,0
BRDA:201,16,1,0
BRF:32
BRH:15
end_of_record
